<?xml version="1.0" encoding="UTF-8"?>
<testng-results skipped="0" failed="1" ignored="0" total="1" passed="0">
  <reporter-output>
    <line>
      <![CDATA[<div id='messageValidation' style='background-color: silver; color: black; font-size: xx-small; border: silver 2px solid; padding: 5px;'><table><tr><td style='width:85px;'>Validation</td><td>:</td><td id='message'>Extent-Report Directory [already exists]: D:\BDD_NCI\wnp-github-test-BDD_INTGR_WNP\target\extent-reports</td></tr></table></div><br/><br/>]]>
    </line>
    <line>
      <![CDATA[<div id='messageValidation' style='background-color: silver; color: black; font-size: xx-small; border: silver 2px solid; padding: 5px;'><table><tr><td style='width:85px;'>Validation</td><td>:</td><td id='message'>Extent-Report Directory [already exists]: D:\BDD_NCI\wnp-github-test-BDD_INTGR_WNP\target\extent-reports</td></tr></table></div><br/><br/>]]>
    </line>
    <line>
      <![CDATA[<div id='messageValidation' style='background-color: silver; color: black; font-size: xx-small; border: silver 2px solid; padding: 5px;'><table><tr><td style='width:85px;'>Validation</td><td>:</td><td id='message'>ExtentReport Path for WINDOWS: D:\BDD_NCI\wnp-github-test-BDD_INTGR_WNP\target\extent-reports
</td></tr></table></div><br/><br/>]]>
    </line>
    <line>
      <![CDATA[<div id='messageValidation' style='background-color: silver; color: black; font-size: xx-small; border: silver 2px solid; padding: 5px;'><table><tr><td style='width:85px;'>Validation</td><td>:</td><td id='message'>TestListener.createNewTestReport</td></tr></table></div><br/><br/>]]>
    </line>
    <line>
      <![CDATA[<div id='messageValidation' style='background-color: silver; color: black; font-size: xx-small; border: silver 2px solid; padding: 5px;'><table><tr><td style='width:85px;'>Validation</td><td>:</td><td id='message'>GROUP_REPORT tag property :  true</td></tr></table></div><br/><br/>]]>
    </line>
    <line>
      <![CDATA[<div id='messageValidation' style='background-color: silver; color: black; font-size: xx-small; border: silver 2px solid; padding: 5px;'><table><tr><td style='width:85px;'>Validation</td><td>:</td><td id='message'>TestListener.onTestStart</td></tr></table></div><br/><br/>]]>
    </line>
    <line>
      <![CDATA[<div id='messageValidation' style='background-color: silver; color: black; font-size: xx-small; border: silver 2px solid; padding: 5px;'><table><tr><td style='width:85px;'>Validation</td><td>:</td><td id='message'>Automation Configuration - Environment Configured for Automation Execution [PT168]</td></tr></table></div><br/><br/>]]>
    </line>
    <line>
      <![CDATA[<div id='messageValidation' style='background-color: silver; color: black; font-size: xx-small; border: silver 2px solid; padding: 5px;'><table><tr><td style='width:85px;'>Validation</td><td>:</td><td id='message'>Test Data File for SmokeTests placed at : \TestData\SmokeTests.json</td></tr></table></div><br/><br/>]]>
    </line>
    <line>
      <![CDATA[<div id='messageValidation' style='background-color: silver; color: black; font-size: xx-small; border: silver 2px solid; padding: 5px;'><table><tr><td style='width:85px;'>Validation</td><td>:</td><td id='message'>Test Case Name : [SmokeTests]</td></tr></table></div><br/><br/>]]>
    </line>
    <line>
      <![CDATA[<div id='messageValidation' style='background-color: silver; color: black; font-size: xx-small; border: silver 2px solid; padding: 5px;'><table><tr><td style='width:85px;'>Validation</td><td>:</td><td id='message'>Test Case Description : [The purpose of this test case is to verify "SmokeTests" workflow]</td></tr></table></div><br/><br/>]]>
    </line>
    <line>
      <![CDATA[<div id='messageValidation' style='background-color: silver; color: black; font-size: xx-small; border: silver 2px solid; padding: 5px;'><table><tr><td style='width:85px;'>Validation</td><td>:</td><td id='message'>Browser to be utilized: CHROME</td></tr></table></div><br/><br/>]]>
    </line>
    <line>
      <![CDATA[<div id='messageValidation' style='background-color: silver; color: black; font-size: xx-small; border: silver 2px solid; padding: 5px;'><table><tr><td style='width:85px;'>Validation</td><td>:</td><td id='message'>
BROWSER will use the OPTIONS profile: P_ACCEPT_BEHAVIORS_AND_CERTIFICATES</td></tr></table></div><br/><br/>]]>
    </line>
    <line>
      <![CDATA[<div id='messageValidation' style='background-color: silver; color: black; font-size: xx-small; border: silver 2px solid; padding: 5px;'><table><tr><td style='width:85px;'>Validation</td><td>:</td><td id='message'>INFO! The Driver settings are loaded using the LATEST Strategy</td></tr></table></div><br/><br/>]]>
    </line>
    <line>
      <![CDATA[<div id='messageValidation' style='background-color: silver; color: black; font-size: xx-small; border: silver 2px solid; padding: 5px;'><table><tr><td style='width:85px;'>Validation</td><td>:</td><td id='message'>webDriver - Session ID saved to MAP</td></tr></table></div><br/><br/>]]>
    </line>
    <line>
      <![CDATA[<div id='messageValidation' style='background-color: silver; color: black; font-size: xx-small; border: silver 2px solid; padding: 5px;'><table><tr><td style='width:85px;'>Validation</td><td>:</td><td id='message'>SessionId1 - openApplicationTELUS_SD</td></tr></table></div><br/><br/>]]>
    </line>
    <line>
      <![CDATA[<div id='messageValidation' style='background-color: silver; color: black; font-size: xx-small; border: silver 2px solid; padding: 5px;'><table><tr><td style='width:85px;'>Validation</td><td>:</td><td id='message'>URL Value Returned for environment {"TELUS_SD":"https://smartdesktop-pt168.tmi.telus.com/smartdesktop/search/new_request.jsp","MSS_PRETOPOST":"https://sslqa.tmi.telus.com/partners/login.jsp","TELUS_PAC":"http://customermanagement-pt168.tmi.telus.com/PAC/","RK_PORTAL":"staging.www.koodomobile.com/en/on/prepaid/koodo/consumer/activation","SMG_SYNIVERSE":"https://mysyniverse.syniverse.com/","SMGASMS_PORTAL":"https://tv95app2.tsl.telus.com:8443/SMGASMS","TELUS_COMM_HISTORY":"https://agent-gui-it02.paas-app-east-np.tsl.telus.com/communication-history","PUBLIC_MOBILE":"stage.publicmobile.ca/en/on/portal/activation","LSR_PORTAL":"https://lsr-web-it04.paas-app-west2-np.tsl.telus.com/","HRT_ATT":"https://glastonbury-it01.tsl.telus.com/agent_token_tool-web/loadatt?AgentId=x220031","SMP":"http://wlprov-pt168.tmi.telus.com/smpweb/","MSS_APPLICATION_TELUS":"https://salesmanagement-pt168.tmi.telus.com/CustomerProfileWeb/cp/svc/agent/init.do?languange=EN&brand=1&mss_new=true","MSS_APPLICATION_KOODO":"https://salesmanagement-pt168.tmi.telus.com/CustomerProfileWeb/cp/svc/agent/init.do?languange=EN&brand=3&mss_new=true","TELUS_CODA":"https://coda-np.tsl.telus.com/portal/","TELUS_RCM":"http://resourcemanagement-pt168.tmi.telus.com/RCM","RK_PORTAL_OLD":"http://142.63.59.38:9890/"}-Calling_From-WebDriverSteps.getApplicationURL</td></tr></table></div><br/><br/>]]>
    </line>
    <line>
      <![CDATA[<div id='messageValidation' style='background-color: silver; color: black; font-size: xx-small; border: silver 2px solid; padding: 5px;'><table><tr><td style='width:85px;'>Validation</td><td>:</td><td id='message'>URL opened: https://smartdesktop-pt168.tmi.telus.com/smartdesktop/search/new_request.jsp-Calling_From-WebDriverSteps.navigateToApplication</td></tr></table></div><br/><br/>]]>
    </line>
    <line>
      <![CDATA[<div id='messageValidation' style='background-color: silver; color: black; font-size: xx-small; border: silver 2px solid; padding: 5px;'><table><tr><td style='width:85px;'>Validation</td><td>:</td><td id='message'>Handle Certificate Error-Calling_From-BaseSteps.handleCertificateError</td></tr></table></div><br/><br/>]]>
    </line>
    <line>
      <![CDATA[<div id='messageValidation' style='background-color: silver; color: black; font-size: xx-small; border: silver 2px solid; padding: 5px;'><table><tr><td style='width:85px;'>Validation</td><td>:</td><td id='message'>Handle UnsecureConnectionError-Calling_From-BaseSteps.handleUnsecureConnectionError</td></tr></table></div><br/><br/>]]>
    </line>
    <line>
      <![CDATA[<div id='messageValidation' style='background-color: silver; color: black; font-size: xx-small; border: silver 2px solid; padding: 5px;'><table><tr><td style='width:85px;'>Validation</td><td>:</td><td id='message'>Handle InvalidCertificate Error-Calling_From-BaseSteps.handleInvalidCertificateError</td></tr></table></div><br/><br/>]]>
    </line>
    <line>
      <![CDATA[<div id='messageValidation' style='background-color: silver; color: black; font-size: xx-small; border: silver 2px solid; padding: 5px;'><table><tr><td style='width:85px;'>Validation</td><td>:</td><td id='message'>waitUntilJSReadyCustomTimeOut done-Calling_From-BaseSteps.waitUntilJSReadyCustomTimeOut</td></tr></table></div><br/><br/>]]>
    </line>
    <line>
      <![CDATA[<div id='messageValidation' style='background-color: silver; color: black; font-size: xx-small; border: silver 2px solid; padding: 5px;'><table><tr><td style='width:85px;'>Validation</td><td>:</td><td id='message'>waitUntilJqueryIsDone done-Calling_From-BaseSteps.waitUntilJqueryLoadCompleteCustomTimeOut</td></tr></table></div><br/><br/>]]>
    </line>
    <line>
      <![CDATA[<div id='messageValidation' style='background-color: silver; color: black; font-size: xx-small; border: silver 2px solid; padding: 5px;'><table><tr><td style='width:85px;'>Validation</td><td>:</td><td id='message'>waitUntilJQueryReady done-Calling_From-BaseSteps.waitUntilJQueryReady</td></tr></table></div><br/><br/>]]>
    </line>
    <line>
      <![CDATA[<div id='messageValidation' style='background-color: silver; color: black; font-size: xx-small; border: silver 2px solid; padding: 5px;'><table><tr><td style='width:85px;'>Validation</td><td>:</td><td id='message'>waitUntilAngularReady done-Calling_From-BaseSteps.waitUntilAngularReady</td></tr></table></div><br/><br/>]]>
    </line>
    <line>
      <![CDATA[<div id='messageValidation' style='background-color: silver; color: black; font-size: xx-small; border: silver 2px solid; padding: 5px;'><table><tr><td style='width:85px;'>Validation</td><td>:</td><td id='message'>waitUntilAngular5Ready done-Calling_From-BaseSteps.waitUntilAngular5Ready</td></tr></table></div><br/><br/>]]>
    </line>
    <line>
      <![CDATA[<div id='messageValidation' style='background-color: silver; color: black; font-size: xx-small; border: silver 2px solid; padding: 5px;'><table><tr><td style='width:85px;'>Validation</td><td>:</td><td id='message'>waitUntilJSReadyCustomTimeOut done-Calling_From-BaseSteps.waitUntilJSReadyCustomTimeOut</td></tr></table></div><br/><br/>]]>
    </line>
    <line>
      <![CDATA[<div id='messageValidation' style='background-color: silver; color: black; font-size: xx-small; border: silver 2px solid; padding: 5px;'><table><tr><td style='width:85px;'>Validation</td><td>:</td><td id='message'>waitUntilJqueryIsDone done-Calling_From-BaseSteps.waitUntilJqueryLoadCompleteCustomTimeOut</td></tr></table></div><br/><br/>]]>
    </line>
    <line>
      <![CDATA[<div id='messageValidation' style='background-color: silver; color: black; font-size: xx-small; border: silver 2px solid; padding: 5px;'><table><tr><td style='width:85px;'>Validation</td><td>:</td><td id='message'>waitUntilJQueryReady done-Calling_From-BaseSteps.waitUntilJQueryReady</td></tr></table></div><br/><br/>]]>
    </line>
    <line>
      <![CDATA[<div id='messageValidation' style='background-color: silver; color: black; font-size: xx-small; border: silver 2px solid; padding: 5px;'><table><tr><td style='width:85px;'>Validation</td><td>:</td><td id='message'>waitUntilAngularReady done-Calling_From-BaseSteps.waitUntilAngularReady</td></tr></table></div><br/><br/>]]>
    </line>
    <line>
      <![CDATA[<div id='messageValidation' style='background-color: silver; color: black; font-size: xx-small; border: silver 2px solid; padding: 5px;'><table><tr><td style='width:85px;'>Validation</td><td>:</td><td id='message'>waitUntilAngular5Ready done-Calling_From-BaseSteps.waitUntilAngular5Ready</td></tr></table></div><br/><br/>]]>
    </line>
    <line>
      <![CDATA[<div id='messageValidation' style='background-color: silver; color: black; font-size: xx-small; border: silver 2px solid; padding: 5px;'><table><tr><td style='width:85px;'>Validation</td><td>:</td><td id='message'>waitForElementVisibility done-Calling_From-BaseSteps.waitForElementVisibility</td></tr></table></div><br/><br/>]]>
    </line>
    <line>
      <![CDATA[<div id='messageValidation' style='background-color: silver; color: black; font-size: xx-small; border: silver 2px solid; padding: 5px;'><table><tr><td style='width:85px;'>Validation</td><td>:</td><td id='message'>waitForElementVisibility done-Calling_From-BaseSteps.waitForElementVisibility</td></tr></table></div><br/><br/>]]>
    </line>
    <line>
      <![CDATA[<div id='messageValidation' style='background-color: silver; color: black; font-size: xx-small; border: silver 2px solid; padding: 5px;'><table><tr><td style='width:85px;'>Validation</td><td>:</td><td id='message'>waitForElementVisibility done-Calling_From-BaseSteps.waitForElementVisibility</td></tr></table></div><br/><br/>]]>
    </line>
    <line>
      <![CDATA[<div id='messageValidation' style='background-color: silver; color: black; font-size: xx-small; border: silver 2px solid; padding: 5px;'><table><tr><td style='width:85px;'>Validation</td><td>:</td><td id='message'>waitForElementToBeClickable done-Calling_From-BaseSteps.waitForElementToBeClickable</td></tr></table></div><br/><br/>]]>
    </line>
    <line>
      <![CDATA[<div id='messageValidation' style='background-color: silver; color: black; font-size: xx-small; border: silver 2px solid; padding: 5px;'><table><tr><td style='width:85px;'>Validation</td><td>:</td><td id='message'>sendKey done-Calling_From-BaseSteps.sendKey</td></tr></table></div><br/><br/>]]>
    </line>
    <line>
      <![CDATA[<div id='messageValidation' style='background-color: silver; color: black; font-size: xx-small; border: silver 2px solid; padding: 5px;'><table><tr><td style='width:85px;'>Validation</td><td>:</td><td id='message'>waitForElementToBeClickable done-Calling_From-BaseSteps.waitForElementToBeClickable</td></tr></table></div><br/><br/>]]>
    </line>
    <line>
      <![CDATA[<div id='messageValidation' style='background-color: silver; color: black; font-size: xx-small; border: silver 2px solid; padding: 5px;'><table><tr><td style='width:85px;'>Validation</td><td>:</td><td id='message'>sendKey done-Calling_From-BaseSteps.sendKey</td></tr></table></div><br/><br/>]]>
    </line>
    <line>
      <![CDATA[<div id='messageValidation' style='background-color: #04B404; color: white; font-size: xx-small; border: silver 2px solid; padding: 5px;'><table><tr><td style='width:85px;'>Validation</td><td>:</td><td id='message'>takeStepScreenShot: Login to application</td></tr></table></div><br/><br/>]]>
    </line>
    <line>
      <![CDATA[<div id='messageValidation' style='background-color: #04B404; color: white; font-size: xx-small; border: silver 2px solid; padding: 5px;'><table><tr><td style='width:85px;'>Validation</td><td>:</td><td id='message'>.\PassedTestsScreenshots\LoginPageSteps_singInSDApplication_TELUSSSO_Pass_202207220341852.png</td></tr></table></div><br/><br/>]]>
    </line>
    <line>
      <![CDATA[<div id='messageValidation' style='background-color: silver; color: black; font-size: xx-small; border: silver 2px solid; padding: 5px;'><table><tr><td style='width:85px;'>Validation</td><td>:</td><td id='message'>waitForElementToBeClickable done-Calling_From-BaseSteps.waitForElementToBeClickable</td></tr></table></div><br/><br/>]]>
    </line>
    <line>
      <![CDATA[<div id='messageValidation' style='background-color: silver; color: black; font-size: xx-small; border: silver 2px solid; padding: 5px;'><table><tr><td style='width:85px;'>Validation</td><td>:</td><td id='message'>click Done-Calling_From-BaseSteps.clickElement</td></tr></table></div><br/><br/>]]>
    </line>
    <line>
      <![CDATA[<div id='messageValidation' style='background-color: silver; color: black; font-size: xx-small; border: silver 2px solid; padding: 5px;'><table><tr><td style='width:85px;'>Validation</td><td>:</td><td id='message'>STEP ===> Login into TELUS_SD --> with Username: x223238 and Password: UGFzc3cwcmQ=</td></tr></table></div><br/><br/>]]>
    </line>
    <line>
      <![CDATA[<div id='messageValidation' style='background-color: silver; color: black; font-size: xx-small; border: silver 2px solid; padding: 5px;'><table><tr><td style='width:85px;'>Validation</td><td>:</td><td id='message'>waitUntilJSReadyCustomTimeOut done-Calling_From-BaseSteps.waitUntilJSReadyCustomTimeOut</td></tr></table></div><br/><br/>]]>
    </line>
    <line>
      <![CDATA[<div id='messageValidation' style='background-color: silver; color: black; font-size: xx-small; border: silver 2px solid; padding: 5px;'><table><tr><td style='width:85px;'>Validation</td><td>:</td><td id='message'>waitUntilJqueryIsDone done-Calling_From-BaseSteps.waitUntilJqueryLoadCompleteCustomTimeOut</td></tr></table></div><br/><br/>]]>
    </line>
    <line>
      <![CDATA[<div id='messageValidation' style='background-color: silver; color: black; font-size: xx-small; border: silver 2px solid; padding: 5px;'><table><tr><td style='width:85px;'>Validation</td><td>:</td><td id='message'>waitUntilJQueryReady done-Calling_From-BaseSteps.waitUntilJQueryReadyLongWait</td></tr></table></div><br/><br/>]]>
    </line>
    <line>
      <![CDATA[<div id='messageValidation' style='background-color: silver; color: black; font-size: xx-small; border: silver 2px solid; padding: 5px;'><table><tr><td style='width:85px;'>Validation</td><td>:</td><td id='message'>waitUntilAngularReadyLongWait done-Calling_From-BaseSteps.waitUntilAngularReadyLongWait</td></tr></table></div><br/><br/>]]>
    </line>
    <line>
      <![CDATA[<div id='messageValidation' style='background-color: silver; color: black; font-size: xx-small; border: silver 2px solid; padding: 5px;'><table><tr><td style='width:85px;'>Validation</td><td>:</td><td id='message'>waitUntilAngular5ReadyLongWait done-Calling_From-BaseSteps.waitUntilAngular5ReadyLongWait</td></tr></table></div><br/><br/>]]>
    </line>
    <line>
      <![CDATA[<div id='messageValidation' style='background-color: silver; color: black; font-size: xx-small; border: silver 2px solid; padding: 5px;'><table><tr><td style='width:85px;'>Validation</td><td>:</td><td id='message'>STEP ===> SD homepage is displayed after successful login </td></tr></table></div><br/><br/>]]>
    </line>
    <line>
      <![CDATA[<div id='messageValidation' style='background-color: #04B404; color: white; font-size: xx-small; border: silver 2px solid; padding: 5px;'><table><tr><td style='width:85px;'>Validation</td><td>:</td><td id='message'>Assertion Passed: AssertEquals  - expected [true] and actual [true]</td></tr></table></div><br/><br/>]]>
    </line>
    <line>
      <![CDATA[<div id='messageValidation' style='background-color: #04B404; color: white; font-size: xx-small; border: silver 2px solid; padding: 5px;'><table><tr><td style='width:85px;'>Validation</td><td>:</td><td id='message'></td></tr></table></div><br/><br/>]]>
    </line>
    <line>
      <![CDATA[<div id='messageValidation' style='background-color: #04B404; color: white; font-size: xx-small; border: silver 2px solid; padding: 5px;'><table><tr><td style='width:85px;'>Validation</td><td>:</td><td id='message'>.\PassedTestsScreenshots\SmartDesktopSearchPageSteps_verifySDHomePageIsDisplayed_SearchIDx223238KBUser21053CHDNA_Pass_202207220341313.png</td></tr></table></div><br/><br/>]]>
    </line>
    <line>
      <![CDATA[<div id='messageValidation' style='background-color: silver; color: black; font-size: xx-small; border: silver 2px solid; padding: 5px;'><table><tr><td style='width:85px;'>Validation</td><td>:</td><td id='message'>STEP === Smart Desktop Search Page --> Enter Phone Number : 7781649040</td></tr></table></div><br/><br/>]]>
    </line>
    <line>
      <![CDATA[<div id='messageValidation' style='background-color: silver; color: black; font-size: xx-small; border: silver 2px solid; padding: 5px;'><table><tr><td style='width:85px;'>Validation</td><td>:</td><td id='message'>waitForElementVisibility done-Calling_From-BaseSteps.waitForElementVisibility</td></tr></table></div><br/><br/>]]>
    </line>
    <line>
      <![CDATA[<div id='messageValidation' style='background-color: silver; color: black; font-size: xx-small; border: silver 2px solid; padding: 5px;'><table><tr><td style='width:85px;'>Validation</td><td>:</td><td id='message'>waitForElementToBeClickable done-Calling_From-BaseSteps.waitForElementToBeClickable</td></tr></table></div><br/><br/>]]>
    </line>
    <line>
      <![CDATA[<div id='messageValidation' style='background-color: silver; color: black; font-size: xx-small; border: silver 2px solid; padding: 5px;'><table><tr><td style='width:85px;'>Validation</td><td>:</td><td id='message'>waitUntilJSReadyCustomTimeOut done-Calling_From-BaseSteps.waitUntilJSReadyCustomTimeOut</td></tr></table></div><br/><br/>]]>
    </line>
    <line>
      <![CDATA[<div id='messageValidation' style='background-color: silver; color: black; font-size: xx-small; border: silver 2px solid; padding: 5px;'><table><tr><td style='width:85px;'>Validation</td><td>:</td><td id='message'>waitUntilJqueryIsDone done-Calling_From-BaseSteps.waitUntilJqueryLoadCompleteCustomTimeOut</td></tr></table></div><br/><br/>]]>
    </line>
    <line>
      <![CDATA[<div id='messageValidation' style='background-color: silver; color: black; font-size: xx-small; border: silver 2px solid; padding: 5px;'><table><tr><td style='width:85px;'>Validation</td><td>:</td><td id='message'>waitUntilJQueryReady done-Calling_From-BaseSteps.waitUntilJQueryReadyLongWait</td></tr></table></div><br/><br/>]]>
    </line>
    <line>
      <![CDATA[<div id='messageValidation' style='background-color: silver; color: black; font-size: xx-small; border: silver 2px solid; padding: 5px;'><table><tr><td style='width:85px;'>Validation</td><td>:</td><td id='message'>waitUntilAngularReadyLongWait done-Calling_From-BaseSteps.waitUntilAngularReadyLongWait</td></tr></table></div><br/><br/>]]>
    </line>
    <line>
      <![CDATA[<div id='messageValidation' style='background-color: silver; color: black; font-size: xx-small; border: silver 2px solid; padding: 5px;'><table><tr><td style='width:85px;'>Validation</td><td>:</td><td id='message'>waitUntilAngular5ReadyLongWait done-Calling_From-BaseSteps.waitUntilAngular5ReadyLongWait</td></tr></table></div><br/><br/>]]>
    </line>
    <line>
      <![CDATA[<div id='messageValidation' style='background-color: silver; color: black; font-size: xx-small; border: silver 2px solid; padding: 5px;'><table><tr><td style='width:85px;'>Validation</td><td>:</td><td id='message'>waitForElementToBeClickable done-Calling_From-BaseSteps.waitForElementToBeClickable</td></tr></table></div><br/><br/>]]>
    </line>
    <line>
      <![CDATA[<div id='messageValidation' style='background-color: silver; color: black; font-size: xx-small; border: silver 2px solid; padding: 5px;'><table><tr><td style='width:85px;'>Validation</td><td>:</td><td id='message'>clearFieldAndSendKeys done-Calling_From-BaseSteps.clearFieldAndSendKeys</td></tr></table></div><br/><br/>]]>
    </line>
    <line>
      <![CDATA[<div id='messageValidation' style='background-color: #04B404; color: white; font-size: xx-small; border: silver 2px solid; padding: 5px;'><table><tr><td style='width:85px;'>Validation</td><td>:</td><td id='message'>takeStepScreenShot: Entered TN before Search</td></tr></table></div><br/><br/>]]>
    </line>
    <line>
      <![CDATA[<div id='messageValidation' style='background-color: #04B404; color: white; font-size: xx-small; border: silver 2px solid; padding: 5px;'><table><tr><td style='width:85px;'>Validation</td><td>:</td><td id='message'>.\PassedTestsScreenshots\SmartDesktopSearchPageSteps_searchPhoneNo_SearchIDx223238KBUser21053CHDNA_Pass_202207220341762.png</td></tr></table></div><br/><br/>]]>
    </line>
    <line>
      <![CDATA[<div id='messageValidation' style='background-color: silver; color: black; font-size: xx-small; border: silver 2px solid; padding: 5px;'><table><tr><td style='width:85px;'>Validation</td><td>:</td><td id='message'>waitForElementToBeClickable done-Calling_From-BaseSteps.waitForElementToBeClickable</td></tr></table></div><br/><br/>]]>
    </line>
    <line>
      <![CDATA[<div id='messageValidation' style='background-color: silver; color: black; font-size: xx-small; border: silver 2px solid; padding: 5px;'><table><tr><td style='width:85px;'>Validation</td><td>:</td><td id='message'>waitForElementToBeClickable done-Calling_From-BaseSteps.waitForElementToBeClickable</td></tr></table></div><br/><br/>]]>
    </line>
    <line>
      <![CDATA[<div id='messageValidation' style='background-color: silver; color: black; font-size: xx-small; border: silver 2px solid; padding: 5px;'><table><tr><td style='width:85px;'>Validation</td><td>:</td><td id='message'>click Done-Calling_From-BaseSteps.clickElement</td></tr></table></div><br/><br/>]]>
    </line>
    <line>
      <![CDATA[<div id='messageValidation' style='background-color: silver; color: black; font-size: xx-small; border: silver 2px solid; padding: 5px;'><table><tr><td style='width:85px;'>Validation</td><td>:</td><td id='message'>takeStepScreenShot: Search Results</td></tr></table></div><br/><br/>]]>
    </line>
    <line>
      <![CDATA[<div id='messageValidation' style='background-color: silver; color: black; font-size: xx-small; border: silver 2px solid; padding: 5px;'><table><tr><td style='width:85px;'>Validation</td><td>:</td><td id='message'>.\PassedTestsScreenshots\SmartDesktopSearchPageSteps_searchPhoneNo_AYSHABTTEST70919488AYSHABTT7781649040IDx223238KBUser21053CHDNA_Pass_202207220341040.png</td></tr></table></div><br/><br/>]]>
    </line>
    <line>
      <![CDATA[<div id='messageValidation' style='background-color: silver; color: black; font-size: xx-small; border: silver 2px solid; padding: 5px;'><table><tr><td style='width:85px;'>Validation</td><td>:</td><td id='message'>waitForElementVisibility done-Calling_From-BaseSteps.waitForElementVisibility</td></tr></table></div><br/><br/>]]>
    </line>
    <line>
      <![CDATA[<div id='messageValidation' style='background-color: #04B404; color: white; font-size: xx-small; border: silver 2px solid; padding: 5px;'><table><tr><td style='width:85px;'>Validation</td><td>:</td><td id='message'>Assertion Passed: AssertEquals  - expected [true] and actual [true]</td></tr></table></div><br/><br/>]]>
    </line>
    <line>
      <![CDATA[<div id='messageValidation' style='background-color: #04B404; color: white; font-size: xx-small; border: silver 2px solid; padding: 5px;'><table><tr><td style='width:85px;'>Validation</td><td>:</td><td id='message'></td></tr></table></div><br/><br/>]]>
    </line>
    <line>
      <![CDATA[<div id='messageValidation' style='background-color: #04B404; color: white; font-size: xx-small; border: silver 2px solid; padding: 5px;'><table><tr><td style='width:85px;'>Validation</td><td>:</td><td id='message'>.\PassedTestsScreenshots\SmokeTests_testMethod_SmokeTests_AYSHABTTEST70919488AYSHABTT7781649040IDx223238KBUser21053CHDNA_Pass_202207220341791.png</td></tr></table></div><br/><br/>]]>
    </line>
    <line>
      <![CDATA[<div id='messageValidation' style='background-color: silver; color: black; font-size: xx-small; border: silver 2px solid; padding: 5px;'><table><tr><td style='width:85px;'>Validation</td><td>:</td><td id='message'>closeTheBrowser</td></tr></table></div><br/><br/>]]>
    </line>
    <line>
      <![CDATA[<div id='messageValidation' style='background-color: silver; color: black; font-size: xx-small; border: silver 2px solid; padding: 5px;'><table><tr><td style='width:85px;'>Validation</td><td>:</td><td id='message'>WebDriver - Session ID removed from MAP-Calling_From-WebDriverSteps.removeThreatIdFromMap</td></tr></table></div><br/><br/>]]>
    </line>
    <line>
      <![CDATA[<div id='messageValidation' style='background-color: silver; color: black; font-size: xx-small; border: silver 2px solid; padding: 5px;'><table><tr><td style='width:85px;'>Validation</td><td>:</td><td id='message'>Browser to be utilized: CHROME</td></tr></table></div><br/><br/>]]>
    </line>
    <line>
      <![CDATA[<div id='messageValidation' style='background-color: silver; color: black; font-size: xx-small; border: silver 2px solid; padding: 5px;'><table><tr><td style='width:85px;'>Validation</td><td>:</td><td id='message'>
BROWSER will use the OPTIONS profile: P_ACCEPT_BEHAVIORS_AND_CERTIFICATES</td></tr></table></div><br/><br/>]]>
    </line>
    <line>
      <![CDATA[<div id='messageValidation' style='background-color: silver; color: black; font-size: xx-small; border: silver 2px solid; padding: 5px;'><table><tr><td style='width:85px;'>Validation</td><td>:</td><td id='message'>INFO! The Driver settings are loaded using the LATEST Strategy</td></tr></table></div><br/><br/>]]>
    </line>
    <line>
      <![CDATA[<div id='messageValidation' style='background-color: silver; color: black; font-size: xx-small; border: silver 2px solid; padding: 5px;'><table><tr><td style='width:85px;'>Validation</td><td>:</td><td id='message'>webDriver - Session ID saved to MAP</td></tr></table></div><br/><br/>]]>
    </line>
    <line>
      <![CDATA[<div id='messageValidation' style='background-color: silver; color: black; font-size: xx-small; border: silver 2px solid; padding: 5px;'><table><tr><td style='width:85px;'>Validation</td><td>:</td><td id='message'>SessionId1 - openApplicationTELUS_RCM</td></tr></table></div><br/><br/>]]>
    </line>
    <line>
      <![CDATA[<div id='messageValidation' style='background-color: silver; color: black; font-size: xx-small; border: silver 2px solid; padding: 5px;'><table><tr><td style='width:85px;'>Validation</td><td>:</td><td id='message'>URL Value Returned for environment {"TELUS_SD":"https://smartdesktop-pt168.tmi.telus.com/smartdesktop/search/new_request.jsp","MSS_PRETOPOST":"https://sslqa.tmi.telus.com/partners/login.jsp","TELUS_PAC":"http://customermanagement-pt168.tmi.telus.com/PAC/","RK_PORTAL":"staging.www.koodomobile.com/en/on/prepaid/koodo/consumer/activation","SMG_SYNIVERSE":"https://mysyniverse.syniverse.com/","SMGASMS_PORTAL":"https://tv95app2.tsl.telus.com:8443/SMGASMS","TELUS_COMM_HISTORY":"https://agent-gui-it02.paas-app-east-np.tsl.telus.com/communication-history","PUBLIC_MOBILE":"stage.publicmobile.ca/en/on/portal/activation","LSR_PORTAL":"https://lsr-web-it04.paas-app-west2-np.tsl.telus.com/","HRT_ATT":"https://glastonbury-it01.tsl.telus.com/agent_token_tool-web/loadatt?AgentId=x220031","SMP":"http://wlprov-pt168.tmi.telus.com/smpweb/","MSS_APPLICATION_TELUS":"https://salesmanagement-pt168.tmi.telus.com/CustomerProfileWeb/cp/svc/agent/init.do?languange=EN&brand=1&mss_new=true","MSS_APPLICATION_KOODO":"https://salesmanagement-pt168.tmi.telus.com/CustomerProfileWeb/cp/svc/agent/init.do?languange=EN&brand=3&mss_new=true","TELUS_CODA":"https://coda-np.tsl.telus.com/portal/","TELUS_RCM":"http://resourcemanagement-pt168.tmi.telus.com/RCM","RK_PORTAL_OLD":"http://142.63.59.38:9890/"}-Calling_From-WebDriverSteps.getApplicationURL</td></tr></table></div><br/><br/>]]>
    </line>
    <line>
      <![CDATA[<div id='messageValidation' style='background-color: silver; color: black; font-size: xx-small; border: silver 2px solid; padding: 5px;'><table><tr><td style='width:85px;'>Validation</td><td>:</td><td id='message'>URL opened: http://resourcemanagement-pt168.tmi.telus.com/RCM-Calling_From-WebDriverSteps.navigateToApplication</td></tr></table></div><br/><br/>]]>
    </line>
    <line>
      <![CDATA[<div id='messageValidation' style='background-color: silver; color: black; font-size: xx-small; border: silver 2px solid; padding: 5px;'><table><tr><td style='width:85px;'>Validation</td><td>:</td><td id='message'>Handle Certificate Error-Calling_From-BaseSteps.handleCertificateError</td></tr></table></div><br/><br/>]]>
    </line>
    <line>
      <![CDATA[<div id='messageValidation' style='background-color: silver; color: black; font-size: xx-small; border: silver 2px solid; padding: 5px;'><table><tr><td style='width:85px;'>Validation</td><td>:</td><td id='message'>Handle UnsecureConnectionError-Calling_From-BaseSteps.handleUnsecureConnectionError</td></tr></table></div><br/><br/>]]>
    </line>
    <line>
      <![CDATA[<div id='messageValidation' style='background-color: silver; color: black; font-size: xx-small; border: silver 2px solid; padding: 5px;'><table><tr><td style='width:85px;'>Validation</td><td>:</td><td id='message'>Handle InvalidCertificate Error-Calling_From-BaseSteps.handleInvalidCertificateError</td></tr></table></div><br/><br/>]]>
    </line>
    <line>
      <![CDATA[<div id='messageValidation' style='background-color: silver; color: black; font-size: xx-small; border: silver 2px solid; padding: 5px;'><table><tr><td style='width:85px;'>Validation</td><td>:</td><td id='message'>waitUntilJSReadyCustomTimeOut done-Calling_From-BaseSteps.waitUntilJSReadyCustomTimeOut</td></tr></table></div><br/><br/>]]>
    </line>
    <line>
      <![CDATA[<div id='messageValidation' style='background-color: silver; color: black; font-size: xx-small; border: silver 2px solid; padding: 5px;'><table><tr><td style='width:85px;'>Validation</td><td>:</td><td id='message'>waitUntilJqueryIsDone done-Calling_From-BaseSteps.waitUntilJqueryLoadCompleteCustomTimeOut</td></tr></table></div><br/><br/>]]>
    </line>
    <line>
      <![CDATA[<div id='messageValidation' style='background-color: silver; color: black; font-size: xx-small; border: silver 2px solid; padding: 5px;'><table><tr><td style='width:85px;'>Validation</td><td>:</td><td id='message'>waitUntilJQueryReady done-Calling_From-BaseSteps.waitUntilJQueryReady</td></tr></table></div><br/><br/>]]>
    </line>
    <line>
      <![CDATA[<div id='messageValidation' style='background-color: silver; color: black; font-size: xx-small; border: silver 2px solid; padding: 5px;'><table><tr><td style='width:85px;'>Validation</td><td>:</td><td id='message'>waitUntilAngularReady done-Calling_From-BaseSteps.waitUntilAngularReady</td></tr></table></div><br/><br/>]]>
    </line>
    <line>
      <![CDATA[<div id='messageValidation' style='background-color: silver; color: black; font-size: xx-small; border: silver 2px solid; padding: 5px;'><table><tr><td style='width:85px;'>Validation</td><td>:</td><td id='message'>waitUntilAngular5Ready done-Calling_From-BaseSteps.waitUntilAngular5Ready</td></tr></table></div><br/><br/>]]>
    </line>
    <line>
      <![CDATA[<div id='messageValidation' style='background-color: silver; color: black; font-size: xx-small; border: silver 2px solid; padding: 5px;'><table><tr><td style='width:85px;'>Validation</td><td>:</td><td id='message'>waitUntilJSReadyCustomTimeOut done-Calling_From-BaseSteps.waitUntilJSReadyCustomTimeOut</td></tr></table></div><br/><br/>]]>
    </line>
    <line>
      <![CDATA[<div id='messageValidation' style='background-color: silver; color: black; font-size: xx-small; border: silver 2px solid; padding: 5px;'><table><tr><td style='width:85px;'>Validation</td><td>:</td><td id='message'>waitUntilJqueryIsDone done-Calling_From-BaseSteps.waitUntilJqueryLoadCompleteCustomTimeOut</td></tr></table></div><br/><br/>]]>
    </line>
    <line>
      <![CDATA[<div id='messageValidation' style='background-color: silver; color: black; font-size: xx-small; border: silver 2px solid; padding: 5px;'><table><tr><td style='width:85px;'>Validation</td><td>:</td><td id='message'>waitUntilJQueryReady done-Calling_From-BaseSteps.waitUntilJQueryReady</td></tr></table></div><br/><br/>]]>
    </line>
    <line>
      <![CDATA[<div id='messageValidation' style='background-color: silver; color: black; font-size: xx-small; border: silver 2px solid; padding: 5px;'><table><tr><td style='width:85px;'>Validation</td><td>:</td><td id='message'>waitUntilAngularReady done-Calling_From-BaseSteps.waitUntilAngularReady</td></tr></table></div><br/><br/>]]>
    </line>
    <line>
      <![CDATA[<div id='messageValidation' style='background-color: silver; color: black; font-size: xx-small; border: silver 2px solid; padding: 5px;'><table><tr><td style='width:85px;'>Validation</td><td>:</td><td id='message'>waitUntilAngular5Ready done-Calling_From-BaseSteps.waitUntilAngular5Ready</td></tr></table></div><br/><br/>]]>
    </line>
    <line>
      <![CDATA[<div id='messageValidation' style='background-color: silver; color: black; font-size: xx-small; border: silver 2px solid; padding: 5px;'><table><tr><td style='width:85px;'>Validation</td><td>:</td><td id='message'>waitForElementVisibility done-Calling_From-BaseSteps.waitForElementVisibility</td></tr></table></div><br/><br/>]]>
    </line>
    <line>
      <![CDATA[<div id='messageValidation' style='background-color: silver; color: black; font-size: xx-small; border: silver 2px solid; padding: 5px;'><table><tr><td style='width:85px;'>Validation</td><td>:</td><td id='message'>waitForElementVisibility done-Calling_From-BaseSteps.waitForElementVisibility</td></tr></table></div><br/><br/>]]>
    </line>
    <line>
      <![CDATA[<div id='messageValidation' style='background-color: silver; color: black; font-size: xx-small; border: silver 2px solid; padding: 5px;'><table><tr><td style='width:85px;'>Validation</td><td>:</td><td id='message'>waitForElementVisibility done-Calling_From-BaseSteps.waitForElementVisibility</td></tr></table></div><br/><br/>]]>
    </line>
    <line>
      <![CDATA[<div id='messageValidation' style='background-color: silver; color: black; font-size: xx-small; border: silver 2px solid; padding: 5px;'><table><tr><td style='width:85px;'>Validation</td><td>:</td><td id='message'>waitForElementToBeClickable done-Calling_From-BaseSteps.waitForElementToBeClickable</td></tr></table></div><br/><br/>]]>
    </line>
    <line>
      <![CDATA[<div id='messageValidation' style='background-color: silver; color: black; font-size: xx-small; border: silver 2px solid; padding: 5px;'><table><tr><td style='width:85px;'>Validation</td><td>:</td><td id='message'>sendKey done-Calling_From-BaseSteps.sendKey</td></tr></table></div><br/><br/>]]>
    </line>
    <line>
      <![CDATA[<div id='messageValidation' style='background-color: silver; color: black; font-size: xx-small; border: silver 2px solid; padding: 5px;'><table><tr><td style='width:85px;'>Validation</td><td>:</td><td id='message'>waitForElementToBeClickable done-Calling_From-BaseSteps.waitForElementToBeClickable</td></tr></table></div><br/><br/>]]>
    </line>
    <line>
      <![CDATA[<div id='messageValidation' style='background-color: silver; color: black; font-size: xx-small; border: silver 2px solid; padding: 5px;'><table><tr><td style='width:85px;'>Validation</td><td>:</td><td id='message'>sendKey done-Calling_From-BaseSteps.sendKey</td></tr></table></div><br/><br/>]]>
    </line>
    <line>
      <![CDATA[<div id='messageValidation' style='background-color: #04B404; color: white; font-size: xx-small; border: silver 2px solid; padding: 5px;'><table><tr><td style='width:85px;'>Validation</td><td>:</td><td id='message'>takeStepScreenShot: Login to application</td></tr></table></div><br/><br/>]]>
    </line>
    <line>
      <![CDATA[<div id='messageValidation' style='background-color: #04B404; color: white; font-size: xx-small; border: silver 2px solid; padding: 5px;'><table><tr><td style='width:85px;'>Validation</td><td>:</td><td id='message'>.\PassedTestsScreenshots\LoginPageSteps_singInSDApplication_TELUSSSO_Pass_202207220342974.png</td></tr></table></div><br/><br/>]]>
    </line>
    <line>
      <![CDATA[<div id='messageValidation' style='background-color: silver; color: black; font-size: xx-small; border: silver 2px solid; padding: 5px;'><table><tr><td style='width:85px;'>Validation</td><td>:</td><td id='message'>waitForElementToBeClickable done-Calling_From-BaseSteps.waitForElementToBeClickable</td></tr></table></div><br/><br/>]]>
    </line>
    <line>
      <![CDATA[<div id='messageValidation' style='background-color: silver; color: black; font-size: xx-small; border: silver 2px solid; padding: 5px;'><table><tr><td style='width:85px;'>Validation</td><td>:</td><td id='message'>click Done-Calling_From-BaseSteps.clickElement</td></tr></table></div><br/><br/>]]>
    </line>
    <line>
      <![CDATA[<div id='messageValidation' style='background-color: silver; color: black; font-size: xx-small; border: silver 2px solid; padding: 5px;'><table><tr><td style='width:85px;'>Validation</td><td>:</td><td id='message'>STEP ===> Login into TELUS_RCM --> with Username: x166545 and Password: UGFzc3cwcmQ=</td></tr></table></div><br/><br/>]]>
    </line>
    <line>
      <![CDATA[<div id='messageValidation' style='background-color: silver; color: black; font-size: xx-small; border: silver 2px solid; padding: 5px;'><table><tr><td style='width:85px;'>Validation</td><td>:</td><td id='message'>waitUntilJSReadyCustomTimeOut done-Calling_From-BaseSteps.waitUntilJSReadyCustomTimeOut</td></tr></table></div><br/><br/>]]>
    </line>
    <line>
      <![CDATA[<div id='messageValidation' style='background-color: silver; color: black; font-size: xx-small; border: silver 2px solid; padding: 5px;'><table><tr><td style='width:85px;'>Validation</td><td>:</td><td id='message'>waitUntilJQueryReady done-Calling_From-BaseSteps.waitUntilJQueryReadyLongWait</td></tr></table></div><br/><br/>]]>
    </line>
    <line>
      <![CDATA[<div id='messageValidation' style='background-color: silver; color: black; font-size: xx-small; border: silver 2px solid; padding: 5px;'><table><tr><td style='width:85px;'>Validation</td><td>:</td><td id='message'>waitUntilAngularReadyLongWait done-Calling_From-BaseSteps.waitUntilAngularReadyLongWait</td></tr></table></div><br/><br/>]]>
    </line>
    <line>
      <![CDATA[<div id='messageValidation' style='background-color: silver; color: black; font-size: xx-small; border: silver 2px solid; padding: 5px;'><table><tr><td style='width:85px;'>Validation</td><td>:</td><td id='message'>waitUntilAngular5ReadyLongWait done-Calling_From-BaseSteps.waitUntilAngular5ReadyLongWait</td></tr></table></div><br/><br/>]]>
    </line>
    <line>
      <![CDATA[<div id='messageValidation' style='background-color: silver; color: black; font-size: xx-small; border: silver 2px solid; padding: 5px;'><table><tr><td style='width:85px;'>Validation</td><td>:</td><td id='message'>waitForElementToBeClickable done-Calling_From-BaseSteps.waitForElementToBeClickable</td></tr></table></div><br/><br/>]]>
    </line>
    <line>
      <![CDATA[<div id='messageValidation' style='background-color: silver; color: black; font-size: xx-small; border: silver 2px solid; padding: 5px;'><table><tr><td style='width:85px;'>Validation</td><td>:</td><td id='message'>click Done-Calling_From-BaseSteps.clickElement</td></tr></table></div><br/><br/>]]>
    </line>
    <line>
      <![CDATA[<div id='messageValidation' style='background-color: silver; color: black; font-size: xx-small; border: silver 2px solid; padding: 5px;'><table><tr><td style='width:85px;'>Validation</td><td>:</td><td id='message'>STEP ===> RCM homepage is displayed after successful login </td></tr></table></div><br/><br/>]]>
    </line>
    <line>
      <![CDATA[<div id='messageValidation' style='background-color: #04B404; color: white; font-size: xx-small; border: silver 2px solid; padding: 5px;'><table><tr><td style='width:85px;'>Validation</td><td>:</td><td id='message'>Assertion Passed: AssertEquals  - expected [true] and actual [true]</td></tr></table></div><br/><br/>]]>
    </line>
    <line>
      <![CDATA[<div id='messageValidation' style='background-color: #04B404; color: white; font-size: xx-small; border: silver 2px solid; padding: 5px;'><table><tr><td style='width:85px;'>Validation</td><td>:</td><td id='message'></td></tr></table></div><br/><br/>]]>
    </line>
    <line>
      <![CDATA[<div id='messageValidation' style='background-color: #04B404; color: white; font-size: xx-small; border: silver 2px solid; padding: 5px;'><table><tr><td style='width:85px;'>Validation</td><td>:</td><td id='message'>.\PassedTestsScreenshots\RCMPageSteps_verifyRCMHomePageIsDisplayed_RCMMain_Pass_202207220342344.png</td></tr></table></div><br/><br/>]]>
    </line>
    <line>
      <![CDATA[<div id='messageValidation' style='background-color: silver; color: black; font-size: xx-small; border: silver 2px solid; padding: 5px;'><table><tr><td style='width:85px;'>Validation</td><td>:</td><td id='message'>waitForElementToBeClickable done-Calling_From-BaseSteps.waitForElementToBeClickable</td></tr></table></div><br/><br/>]]>
    </line>
    <line>
      <![CDATA[<div id='messageValidation' style='background-color: silver; color: black; font-size: xx-small; border: silver 2px solid; padding: 5px;'><table><tr><td style='width:85px;'>Validation</td><td>:</td><td id='message'>click Done-Calling_From-BaseSteps.clickElement</td></tr></table></div><br/><br/>]]>
    </line>
    <line>
      <![CDATA[<div id='messageValidation' style='background-color: silver; color: black; font-size: xx-small; border: silver 2px solid; padding: 5px;'><table><tr><td style='width:85px;'>Validation</td><td>:</td><td id='message'>waitForElementToBeClickable done-Calling_From-BaseSteps.waitForElementToBeClickable</td></tr></table></div><br/><br/>]]>
    </line>
    <line>
      <![CDATA[<div id='messageValidation' style='background-color: silver; color: black; font-size: xx-small; border: silver 2px solid; padding: 5px;'><table><tr><td style='width:85px;'>Validation</td><td>:</td><td id='message'>clearFieldAndSendKeys done-Calling_From-BaseSteps.clearFieldAndSendKeys</td></tr></table></div><br/><br/>]]>
    </line>
    <line>
      <![CDATA[<div id='messageValidation' style='background-color: silver; color: black; font-size: xx-small; border: silver 2px solid; padding: 5px;'><table><tr><td style='width:85px;'>Validation</td><td>:</td><td id='message'>waitForElementToBeClickable done-Calling_From-BaseSteps.waitForElementToBeClickable</td></tr></table></div><br/><br/>]]>
    </line>
    <line>
      <![CDATA[<div id='messageValidation' style='background-color: silver; color: black; font-size: xx-small; border: silver 2px solid; padding: 5px;'><table><tr><td style='width:85px;'>Validation</td><td>:</td><td id='message'>clearFieldAndSendKeys done-Calling_From-BaseSteps.clearFieldAndSendKeys</td></tr></table></div><br/><br/>]]>
    </line>
    <line>
      <![CDATA[<div id='messageValidation' style='background-color: silver; color: black; font-size: xx-small; border: silver 2px solid; padding: 5px;'><table><tr><td style='width:85px;'>Validation</td><td>:</td><td id='message'>waitForElementToBeClickable done-Calling_From-BaseSteps.waitForElementToBeClickable</td></tr></table></div><br/><br/>]]>
    </line>
    <line>
      <![CDATA[<div id='messageValidation' style='background-color: silver; color: black; font-size: xx-small; border: silver 2px solid; padding: 5px;'><table><tr><td style='width:85px;'>Validation</td><td>:</td><td id='message'>clearFieldAndSendKeys done-Calling_From-BaseSteps.clearFieldAndSendKeys</td></tr></table></div><br/><br/>]]>
    </line>
    <line>
      <![CDATA[<div id='messageValidation' style='background-color: silver; color: black; font-size: xx-small; border: silver 2px solid; padding: 5px;'><table><tr><td style='width:85px;'>Validation</td><td>:</td><td id='message'>waitForElementToBeClickable done-Calling_From-BaseSteps.waitForElementToBeClickable</td></tr></table></div><br/><br/>]]>
    </line>
    <line>
      <![CDATA[<div id='messageValidation' style='background-color: silver; color: black; font-size: xx-small; border: silver 2px solid; padding: 5px;'><table><tr><td style='width:85px;'>Validation</td><td>:</td><td id='message'>clearFieldAndSendKeys done-Calling_From-BaseSteps.clearFieldAndSendKeys</td></tr></table></div><br/><br/>]]>
    </line>
    <line>
      <![CDATA[<div id='messageValidation' style='background-color: silver; color: black; font-size: xx-small; border: silver 2px solid; padding: 5px;'><table><tr><td style='width:85px;'>Validation</td><td>:</td><td id='message'>selectByValue done-Calling_From-BaseSteps.selectByValue</td></tr></table></div><br/><br/>]]>
    </line>
    <line>
      <![CDATA[<div id='messageValidation' style='background-color: silver; color: black; font-size: xx-small; border: silver 2px solid; padding: 5px;'><table><tr><td style='width:85px;'>Validation</td><td>:</td><td id='message'>waitForElementToBeClickable done-Calling_From-BaseSteps.waitForElementToBeClickable</td></tr></table></div><br/><br/>]]>
    </line>
    <line>
      <![CDATA[<div id='messageValidation' style='background-color: silver; color: black; font-size: xx-small; border: silver 2px solid; padding: 5px;'><table><tr><td style='width:85px;'>Validation</td><td>:</td><td id='message'>click Done-Calling_From-BaseSteps.clickElement</td></tr></table></div><br/><br/>]]>
    </line>
    <line>
      <![CDATA[<div id='messageValidation' style='background-color: #04B404; color: white; font-size: xx-small; border: silver 2px solid; padding: 5px;'><table><tr><td style='width:85px;'>Validation</td><td>:</td><td id='message'>Assertion Passed: AssertEquals  - expected [true] and actual [true]</td></tr></table></div><br/><br/>]]>
    </line>
    <line>
      <![CDATA[<div id='messageValidation' style='background-color: #04B404; color: white; font-size: xx-small; border: silver 2px solid; padding: 5px;'><table><tr><td style='width:85px;'>Validation</td><td>:</td><td id='message'></td></tr></table></div><br/><br/>]]>
    </line>
    <line>
      <![CDATA[<div id='messageValidation' style='background-color: #04B404; color: white; font-size: xx-small; border: silver 2px solid; padding: 5px;'><table><tr><td style='width:85px;'>Validation</td><td>:</td><td id='message'>.\PassedTestsScreenshots\SmokeTests_testMethod_SmokeTests_ratecentreinventoryreport_Pass_202207220342354.png</td></tr></table></div><br/><br/>]]>
    </line>
    <line>
      <![CDATA[<div id='messageValidation' style='background-color: silver; color: black; font-size: xx-small; border: silver 2px solid; padding: 5px;'><table><tr><td style='width:85px;'>Validation</td><td>:</td><td id='message'>closeTheBrowser</td></tr></table></div><br/><br/>]]>
    </line>
    <line>
      <![CDATA[<div id='messageValidation' style='background-color: silver; color: black; font-size: xx-small; border: silver 2px solid; padding: 5px;'><table><tr><td style='width:85px;'>Validation</td><td>:</td><td id='message'>WebDriver - Session ID removed from MAP-Calling_From-WebDriverSteps.removeThreatIdFromMap</td></tr></table></div><br/><br/>]]>
    </line>
    <line>
      <![CDATA[<div id='messageValidation' style='background-color: silver; color: black; font-size: xx-small; border: silver 2px solid; padding: 5px;'><table><tr><td style='width:85px;'>Validation</td><td>:</td><td id='message'>Browser to be utilized: CHROME</td></tr></table></div><br/><br/>]]>
    </line>
    <line>
      <![CDATA[<div id='messageValidation' style='background-color: silver; color: black; font-size: xx-small; border: silver 2px solid; padding: 5px;'><table><tr><td style='width:85px;'>Validation</td><td>:</td><td id='message'>
BROWSER will use the OPTIONS profile: P_ACCEPT_BEHAVIORS_AND_CERTIFICATES</td></tr></table></div><br/><br/>]]>
    </line>
    <line>
      <![CDATA[<div id='messageValidation' style='background-color: silver; color: black; font-size: xx-small; border: silver 2px solid; padding: 5px;'><table><tr><td style='width:85px;'>Validation</td><td>:</td><td id='message'>INFO! The Driver settings are loaded using the LATEST Strategy</td></tr></table></div><br/><br/>]]>
    </line>
    <line>
      <![CDATA[<div id='messageValidation' style='background-color: silver; color: black; font-size: xx-small; border: silver 2px solid; padding: 5px;'><table><tr><td style='width:85px;'>Validation</td><td>:</td><td id='message'>webDriver - Session ID saved to MAP</td></tr></table></div><br/><br/>]]>
    </line>
    <line>
      <![CDATA[<div id='messageValidation' style='background-color: silver; color: black; font-size: xx-small; border: silver 2px solid; padding: 5px;'><table><tr><td style='width:85px;'>Validation</td><td>:</td><td id='message'>SessionId1 - openApplicationTELUS_PAC</td></tr></table></div><br/><br/>]]>
    </line>
    <line>
      <![CDATA[<div id='messageValidation' style='background-color: silver; color: black; font-size: xx-small; border: silver 2px solid; padding: 5px;'><table><tr><td style='width:85px;'>Validation</td><td>:</td><td id='message'>URL Value Returned for environment {"TELUS_SD":"https://smartdesktop-pt168.tmi.telus.com/smartdesktop/search/new_request.jsp","MSS_PRETOPOST":"https://sslqa.tmi.telus.com/partners/login.jsp","TELUS_PAC":"http://customermanagement-pt168.tmi.telus.com/PAC/","RK_PORTAL":"staging.www.koodomobile.com/en/on/prepaid/koodo/consumer/activation","SMG_SYNIVERSE":"https://mysyniverse.syniverse.com/","SMGASMS_PORTAL":"https://tv95app2.tsl.telus.com:8443/SMGASMS","TELUS_COMM_HISTORY":"https://agent-gui-it02.paas-app-east-np.tsl.telus.com/communication-history","PUBLIC_MOBILE":"stage.publicmobile.ca/en/on/portal/activation","LSR_PORTAL":"https://lsr-web-it04.paas-app-west2-np.tsl.telus.com/","HRT_ATT":"https://glastonbury-it01.tsl.telus.com/agent_token_tool-web/loadatt?AgentId=x220031","SMP":"http://wlprov-pt168.tmi.telus.com/smpweb/","MSS_APPLICATION_TELUS":"https://salesmanagement-pt168.tmi.telus.com/CustomerProfileWeb/cp/svc/agent/init.do?languange=EN&brand=1&mss_new=true","MSS_APPLICATION_KOODO":"https://salesmanagement-pt168.tmi.telus.com/CustomerProfileWeb/cp/svc/agent/init.do?languange=EN&brand=3&mss_new=true","TELUS_CODA":"https://coda-np.tsl.telus.com/portal/","TELUS_RCM":"http://resourcemanagement-pt168.tmi.telus.com/RCM","RK_PORTAL_OLD":"http://142.63.59.38:9890/"}-Calling_From-WebDriverSteps.getApplicationURL</td></tr></table></div><br/><br/>]]>
    </line>
    <line>
      <![CDATA[<div id='messageValidation' style='background-color: silver; color: black; font-size: xx-small; border: silver 2px solid; padding: 5px;'><table><tr><td style='width:85px;'>Validation</td><td>:</td><td id='message'>URL opened: http://customermanagement-pt168.tmi.telus.com/PAC/-Calling_From-WebDriverSteps.navigateToApplication</td></tr></table></div><br/><br/>]]>
    </line>
    <line>
      <![CDATA[<div id='messageValidation' style='background-color: silver; color: black; font-size: xx-small; border: silver 2px solid; padding: 5px;'><table><tr><td style='width:85px;'>Validation</td><td>:</td><td id='message'>Handle Certificate Error-Calling_From-BaseSteps.handleCertificateError</td></tr></table></div><br/><br/>]]>
    </line>
    <line>
      <![CDATA[<div id='messageValidation' style='background-color: silver; color: black; font-size: xx-small; border: silver 2px solid; padding: 5px;'><table><tr><td style='width:85px;'>Validation</td><td>:</td><td id='message'>Handle UnsecureConnectionError-Calling_From-BaseSteps.handleUnsecureConnectionError</td></tr></table></div><br/><br/>]]>
    </line>
    <line>
      <![CDATA[<div id='messageValidation' style='background-color: silver; color: black; font-size: xx-small; border: silver 2px solid; padding: 5px;'><table><tr><td style='width:85px;'>Validation</td><td>:</td><td id='message'>Handle InvalidCertificate Error-Calling_From-BaseSteps.handleInvalidCertificateError</td></tr></table></div><br/><br/>]]>
    </line>
    <line>
      <![CDATA[<div id='messageValidation' style='background-color: silver; color: black; font-size: xx-small; border: silver 2px solid; padding: 5px;'><table><tr><td style='width:85px;'>Validation</td><td>:</td><td id='message'>waitUntilJSReadyCustomTimeOut done-Calling_From-BaseSteps.waitUntilJSReadyCustomTimeOut</td></tr></table></div><br/><br/>]]>
    </line>
    <line>
      <![CDATA[<div id='messageValidation' style='background-color: silver; color: black; font-size: xx-small; border: silver 2px solid; padding: 5px;'><table><tr><td style='width:85px;'>Validation</td><td>:</td><td id='message'>waitUntilJqueryIsDone done-Calling_From-BaseSteps.waitUntilJqueryLoadCompleteCustomTimeOut</td></tr></table></div><br/><br/>]]>
    </line>
    <line>
      <![CDATA[<div id='messageValidation' style='background-color: silver; color: black; font-size: xx-small; border: silver 2px solid; padding: 5px;'><table><tr><td style='width:85px;'>Validation</td><td>:</td><td id='message'>waitUntilJQueryReady done-Calling_From-BaseSteps.waitUntilJQueryReady</td></tr></table></div><br/><br/>]]>
    </line>
    <line>
      <![CDATA[<div id='messageValidation' style='background-color: silver; color: black; font-size: xx-small; border: silver 2px solid; padding: 5px;'><table><tr><td style='width:85px;'>Validation</td><td>:</td><td id='message'>waitUntilAngularReady done-Calling_From-BaseSteps.waitUntilAngularReady</td></tr></table></div><br/><br/>]]>
    </line>
    <line>
      <![CDATA[<div id='messageValidation' style='background-color: silver; color: black; font-size: xx-small; border: silver 2px solid; padding: 5px;'><table><tr><td style='width:85px;'>Validation</td><td>:</td><td id='message'>waitUntilAngular5Ready done-Calling_From-BaseSteps.waitUntilAngular5Ready</td></tr></table></div><br/><br/>]]>
    </line>
    <line>
      <![CDATA[<div id='messageValidation' style='background-color: silver; color: black; font-size: xx-small; border: silver 2px solid; padding: 5px;'><table><tr><td style='width:85px;'>Validation</td><td>:</td><td id='message'>waitUntilJSReadyCustomTimeOut done-Calling_From-BaseSteps.waitUntilJSReadyCustomTimeOut</td></tr></table></div><br/><br/>]]>
    </line>
    <line>
      <![CDATA[<div id='messageValidation' style='background-color: silver; color: black; font-size: xx-small; border: silver 2px solid; padding: 5px;'><table><tr><td style='width:85px;'>Validation</td><td>:</td><td id='message'>waitUntilJqueryIsDone done-Calling_From-BaseSteps.waitUntilJqueryLoadCompleteCustomTimeOut</td></tr></table></div><br/><br/>]]>
    </line>
    <line>
      <![CDATA[<div id='messageValidation' style='background-color: silver; color: black; font-size: xx-small; border: silver 2px solid; padding: 5px;'><table><tr><td style='width:85px;'>Validation</td><td>:</td><td id='message'>waitUntilJQueryReady done-Calling_From-BaseSteps.waitUntilJQueryReady</td></tr></table></div><br/><br/>]]>
    </line>
    <line>
      <![CDATA[<div id='messageValidation' style='background-color: silver; color: black; font-size: xx-small; border: silver 2px solid; padding: 5px;'><table><tr><td style='width:85px;'>Validation</td><td>:</td><td id='message'>waitUntilAngularReady done-Calling_From-BaseSteps.waitUntilAngularReady</td></tr></table></div><br/><br/>]]>
    </line>
    <line>
      <![CDATA[<div id='messageValidation' style='background-color: silver; color: black; font-size: xx-small; border: silver 2px solid; padding: 5px;'><table><tr><td style='width:85px;'>Validation</td><td>:</td><td id='message'>waitUntilAngular5Ready done-Calling_From-BaseSteps.waitUntilAngular5Ready</td></tr></table></div><br/><br/>]]>
    </line>
    <line>
      <![CDATA[<div id='messageValidation' style='background-color: silver; color: black; font-size: xx-small; border: silver 2px solid; padding: 5px;'><table><tr><td style='width:85px;'>Validation</td><td>:</td><td id='message'>waitForElementVisibility done-Calling_From-BaseSteps.waitForElementVisibility</td></tr></table></div><br/><br/>]]>
    </line>
    <line>
      <![CDATA[<div id='messageValidation' style='background-color: silver; color: black; font-size: xx-small; border: silver 2px solid; padding: 5px;'><table><tr><td style='width:85px;'>Validation</td><td>:</td><td id='message'>waitForElementVisibility done-Calling_From-BaseSteps.waitForElementVisibility</td></tr></table></div><br/><br/>]]>
    </line>
    <line>
      <![CDATA[<div id='messageValidation' style='background-color: silver; color: black; font-size: xx-small; border: silver 2px solid; padding: 5px;'><table><tr><td style='width:85px;'>Validation</td><td>:</td><td id='message'>waitForElementVisibility done-Calling_From-BaseSteps.waitForElementVisibility</td></tr></table></div><br/><br/>]]>
    </line>
    <line>
      <![CDATA[<div id='messageValidation' style='background-color: silver; color: black; font-size: xx-small; border: silver 2px solid; padding: 5px;'><table><tr><td style='width:85px;'>Validation</td><td>:</td><td id='message'>waitForElementToBeClickable done-Calling_From-BaseSteps.waitForElementToBeClickable</td></tr></table></div><br/><br/>]]>
    </line>
    <line>
      <![CDATA[<div id='messageValidation' style='background-color: silver; color: black; font-size: xx-small; border: silver 2px solid; padding: 5px;'><table><tr><td style='width:85px;'>Validation</td><td>:</td><td id='message'>sendKey done-Calling_From-BaseSteps.sendKey</td></tr></table></div><br/><br/>]]>
    </line>
    <line>
      <![CDATA[<div id='messageValidation' style='background-color: silver; color: black; font-size: xx-small; border: silver 2px solid; padding: 5px;'><table><tr><td style='width:85px;'>Validation</td><td>:</td><td id='message'>waitForElementToBeClickable done-Calling_From-BaseSteps.waitForElementToBeClickable</td></tr></table></div><br/><br/>]]>
    </line>
    <line>
      <![CDATA[<div id='messageValidation' style='background-color: silver; color: black; font-size: xx-small; border: silver 2px solid; padding: 5px;'><table><tr><td style='width:85px;'>Validation</td><td>:</td><td id='message'>sendKey done-Calling_From-BaseSteps.sendKey</td></tr></table></div><br/><br/>]]>
    </line>
    <line>
      <![CDATA[<div id='messageValidation' style='background-color: #04B404; color: white; font-size: xx-small; border: silver 2px solid; padding: 5px;'><table><tr><td style='width:85px;'>Validation</td><td>:</td><td id='message'>takeStepScreenShot: Login to application</td></tr></table></div><br/><br/>]]>
    </line>
    <line>
      <![CDATA[<div id='messageValidation' style='background-color: #04B404; color: white; font-size: xx-small; border: silver 2px solid; padding: 5px;'><table><tr><td style='width:85px;'>Validation</td><td>:</td><td id='message'>.\PassedTestsScreenshots\LoginPageSteps_singInSDApplication_TELUSSSO_Pass_202207220342019.png</td></tr></table></div><br/><br/>]]>
    </line>
    <line>
      <![CDATA[<div id='messageValidation' style='background-color: silver; color: black; font-size: xx-small; border: silver 2px solid; padding: 5px;'><table><tr><td style='width:85px;'>Validation</td><td>:</td><td id='message'>waitForElementToBeClickable done-Calling_From-BaseSteps.waitForElementToBeClickable</td></tr></table></div><br/><br/>]]>
    </line>
    <line>
      <![CDATA[<div id='messageValidation' style='background-color: silver; color: black; font-size: xx-small; border: silver 2px solid; padding: 5px;'><table><tr><td style='width:85px;'>Validation</td><td>:</td><td id='message'>click Done-Calling_From-BaseSteps.clickElement</td></tr></table></div><br/><br/>]]>
    </line>
    <line>
      <![CDATA[<div id='messageValidation' style='background-color: silver; color: black; font-size: xx-small; border: silver 2px solid; padding: 5px;'><table><tr><td style='width:85px;'>Validation</td><td>:</td><td id='message'>STEP ===> Login into TELUS_PAC --> with Username: x108557 and Password: cGFzc3dvcmQ=</td></tr></table></div><br/><br/>]]>
    </line>
    <line>
      <![CDATA[<div id='messageValidation' style='background-color: silver; color: black; font-size: xx-small; border: silver 2px solid; padding: 5px;'><table><tr><td style='width:85px;'>Validation</td><td>:</td><td id='message'>waitUntilJSReadyCustomTimeOut done-Calling_From-BaseSteps.waitUntilJSReadyCustomTimeOut</td></tr></table></div><br/><br/>]]>
    </line>
    <line>
      <![CDATA[<div id='messageValidation' style='background-color: silver; color: black; font-size: xx-small; border: silver 2px solid; padding: 5px;'><table><tr><td style='width:85px;'>Validation</td><td>:</td><td id='message'>waitUntilJQueryReady done-Calling_From-BaseSteps.waitUntilJQueryReadyLongWait</td></tr></table></div><br/><br/>]]>
    </line>
    <line>
      <![CDATA[<div id='messageValidation' style='background-color: silver; color: black; font-size: xx-small; border: silver 2px solid; padding: 5px;'><table><tr><td style='width:85px;'>Validation</td><td>:</td><td id='message'>waitUntilAngularReadyLongWait done-Calling_From-BaseSteps.waitUntilAngularReadyLongWait</td></tr></table></div><br/><br/>]]>
    </line>
    <line>
      <![CDATA[<div id='messageValidation' style='background-color: silver; color: black; font-size: xx-small; border: silver 2px solid; padding: 5px;'><table><tr><td style='width:85px;'>Validation</td><td>:</td><td id='message'>waitUntilAngular5ReadyLongWait done-Calling_From-BaseSteps.waitUntilAngular5ReadyLongWait</td></tr></table></div><br/><br/>]]>
    </line>
    <line>
      <![CDATA[<div id='messageValidation' style='background-color: silver; color: black; font-size: xx-small; border: silver 2px solid; padding: 5px;'><table><tr><td style='width:85px;'>Validation</td><td>:</td><td id='message'>waitForElementToBeClickable done-Calling_From-BaseSteps.waitForElementToBeClickable</td></tr></table></div><br/><br/>]]>
    </line>
    <line>
      <![CDATA[<div id='messageValidation' style='background-color: silver; color: black; font-size: xx-small; border: silver 2px solid; padding: 5px;'><table><tr><td style='width:85px;'>Validation</td><td>:</td><td id='message'>click Done-Calling_From-BaseSteps.clickElement</td></tr></table></div><br/><br/>]]>
    </line>
    <line>
      <![CDATA[<div id='messageValidation' style='background-color: silver; color: black; font-size: xx-small; border: silver 2px solid; padding: 5px;'><table><tr><td style='width:85px;'>Validation</td><td>:</td><td id='message'>STEP ===> PAC homepage is displayed after successful login </td></tr></table></div><br/><br/>]]>
    </line>
    <line>
      <![CDATA[<div id='messageValidation' style='background-color: #04B404; color: white; font-size: xx-small; border: silver 2px solid; padding: 5px;'><table><tr><td style='width:85px;'>Validation</td><td>:</td><td id='message'>Assertion Passed: AssertEquals  - expected [true] and actual [true]</td></tr></table></div><br/><br/>]]>
    </line>
    <line>
      <![CDATA[<div id='messageValidation' style='background-color: #04B404; color: white; font-size: xx-small; border: silver 2px solid; padding: 5px;'><table><tr><td style='width:85px;'>Validation</td><td>:</td><td id='message'></td></tr></table></div><br/><br/>]]>
    </line>
    <line>
      <![CDATA[<div id='messageValidation' style='background-color: #04B404; color: white; font-size: xx-small; border: silver 2px solid; padding: 5px;'><table><tr><td style='width:85px;'>Validation</td><td>:</td><td id='message'>.\PassedTestsScreenshots\PACSearchPageSteps_verifyPACHomePageIsDisplayed_TELUSMobility_Pass_202207220342939.png</td></tr></table></div><br/><br/>]]>
    </line>
    <line>
      <![CDATA[<div id='messageValidation' style='background-color: silver; color: black; font-size: xx-small; border: silver 2px solid; padding: 5px;'><table><tr><td style='width:85px;'>Validation</td><td>:</td><td id='message'>STEP === PAC Search Page --> Enter Phone Number and click submit : 7781649040</td></tr></table></div><br/><br/>]]>
    </line>
    <line>
      <![CDATA[<div id='messageValidation' style='background-color: silver; color: black; font-size: xx-small; border: silver 2px solid; padding: 5px;'><table><tr><td style='width:85px;'>Validation</td><td>:</td><td id='message'>waitForElementVisibility done-Calling_From-BaseSteps.waitForElementVisibility</td></tr></table></div><br/><br/>]]>
    </line>
    <line>
      <![CDATA[<div id='messageValidation' style='background-color: silver; color: black; font-size: xx-small; border: silver 2px solid; padding: 5px;'><table><tr><td style='width:85px;'>Validation</td><td>:</td><td id='message'>waitGeneric done-Calling_From-BaseSteps.waitGeneric</td></tr></table></div><br/><br/>]]>
    </line>
    <line>
      <![CDATA[<div id='messageValidation' style='background-color: silver; color: black; font-size: xx-small; border: silver 2px solid; padding: 5px;'><table><tr><td style='width:85px;'>Validation</td><td>:</td><td id='message'>waitForElementToBeClickable done-Calling_From-BaseSteps.waitForElementToBeClickable</td></tr></table></div><br/><br/>]]>
    </line>
    <line>
      <![CDATA[<div id='messageValidation' style='background-color: silver; color: black; font-size: xx-small; border: silver 2px solid; padding: 5px;'><table><tr><td style='width:85px;'>Validation</td><td>:</td><td id='message'>clearFieldAndSendKeysUsingJS done-Calling_From-BaseSteps.clearFieldAndSendKeysUsingJS</td></tr></table></div><br/><br/>]]>
    </line>
    <line>
      <![CDATA[<div id='messageValidation' style='background-color: #04B404; color: white; font-size: xx-small; border: silver 2px solid; padding: 5px;'><table><tr><td style='width:85px;'>Validation</td><td>:</td><td id='message'>takeStepScreenShot: Entered TN for Search</td></tr></table></div><br/><br/>]]>
    </line>
    <line>
      <![CDATA[<div id='messageValidation' style='background-color: #04B404; color: white; font-size: xx-small; border: silver 2px solid; padding: 5px;'><table><tr><td style='width:85px;'>Validation</td><td>:</td><td id='message'>.\PassedTestsScreenshots\PACSearchPageSteps_searchPhoneNo_TELUSMobility_Pass_202207220342188.png</td></tr></table></div><br/><br/>]]>
    </line>
    <line>
      <![CDATA[<div id='messageValidation' style='background-color: silver; color: black; font-size: xx-small; border: silver 2px solid; padding: 5px;'><table><tr><td style='width:85px;'>Validation</td><td>:</td><td id='message'>waitForElementToBeClickable done-Calling_From-BaseSteps.waitForElementToBeClickable</td></tr></table></div><br/><br/>]]>
    </line>
    <line>
      <![CDATA[<div id='messageValidation' style='background-color: silver; color: black; font-size: xx-small; border: silver 2px solid; padding: 5px;'><table><tr><td style='width:85px;'>Validation</td><td>:</td><td id='message'>click Done-Calling_From-BaseSteps.clickElement</td></tr></table></div><br/><br/>]]>
    </line>
    <line>
      <![CDATA[<div id='messageValidation' style='background-color: silver; color: black; font-size: xx-small; border: silver 2px solid; padding: 5px;'><table><tr><td style='width:85px;'>Validation</td><td>:</td><td id='message'>waitGeneric done-Calling_From-BaseSteps.waitGeneric</td></tr></table></div><br/><br/>]]>
    </line>
    <line>
      <![CDATA[<div id='messageValidation' style='background-color: silver; color: black; font-size: xx-small; border: silver 2px solid; padding: 5px;'><table><tr><td style='width:85px;'>Validation</td><td>:</td><td id='message'>scrollToElement done with time taken 0-Calling_From-BaseSteps.scrollToElement</td></tr></table></div><br/><br/>]]>
    </line>
    <line>
      <![CDATA[<div id='messageValidation' style='background-color: silver; color: black; font-size: xx-small; border: silver 2px solid; padding: 5px;'><table><tr><td style='width:85px;'>Validation</td><td>:</td><td id='message'>waitForElementToBeClickable done-Calling_From-BaseSteps.waitForElementToBeClickable</td></tr></table></div><br/><br/>]]>
    </line>
    <line>
      <![CDATA[<div id='messageValidation' style='background-color: silver; color: black; font-size: xx-small; border: silver 2px solid; padding: 5px;'><table><tr><td style='width:85px;'>Validation</td><td>:</td><td id='message'>click Done-Calling_From-BaseSteps.clickElement</td></tr></table></div><br/><br/>]]>
    </line>
    <line>
      <![CDATA[<div id='messageValidation' style='background-color: silver; color: black; font-size: xx-small; border: silver 2px solid; padding: 5px;'><table><tr><td style='width:85px;'>Validation</td><td>:</td><td id='message'>waitForElementVisibility done-Calling_From-BaseSteps.waitForElementVisibility</td></tr></table></div><br/><br/>]]>
    </line>
    <line>
      <![CDATA[<div id='messageValidation' style='background-color: #04B404; color: white; font-size: xx-small; border: silver 2px solid; padding: 5px;'><table><tr><td style='width:85px;'>Validation</td><td>:</td><td id='message'>Assertion Passed: AssertEquals  - expected [true] and actual [true]</td></tr></table></div><br/><br/>]]>
    </line>
    <line>
      <![CDATA[<div id='messageValidation' style='background-color: #04B404; color: white; font-size: xx-small; border: silver 2px solid; padding: 5px;'><table><tr><td style='width:85px;'>Validation</td><td>:</td><td id='message'></td></tr></table></div><br/><br/>]]>
    </line>
    <line>
      <![CDATA[<div id='messageValidation' style='background-color: #04B404; color: white; font-size: xx-small; border: silver 2px solid; padding: 5px;'><table><tr><td style='width:85px;'>Validation</td><td>:</td><td id='message'>.\PassedTestsScreenshots\SmokeTests_testMethod_SmokeTests_TELUSMobility_Pass_202207220343392.png</td></tr></table></div><br/><br/>]]>
    </line>
    <line>
      <![CDATA[<div id='messageValidation' style='background-color: silver; color: black; font-size: xx-small; border: silver 2px solid; padding: 5px;'><table><tr><td style='width:85px;'>Validation</td><td>:</td><td id='message'>closeTheBrowser</td></tr></table></div><br/><br/>]]>
    </line>
    <line>
      <![CDATA[<div id='messageValidation' style='background-color: silver; color: black; font-size: xx-small; border: silver 2px solid; padding: 5px;'><table><tr><td style='width:85px;'>Validation</td><td>:</td><td id='message'>WebDriver - Session ID removed from MAP-Calling_From-WebDriverSteps.removeThreatIdFromMap</td></tr></table></div><br/><br/>]]>
    </line>
    <line>
      <![CDATA[<div id='messageValidation' style='background-color: silver; color: black; font-size: xx-small; border: silver 2px solid; padding: 5px;'><table><tr><td style='width:85px;'>Validation</td><td>:</td><td id='message'>SessionId1 - openApplicationSMG_SYNIVERSE</td></tr></table></div><br/><br/>]]>
    </line>
    <line>
      <![CDATA[<div id='messageValidation' style='background-color: silver; color: black; font-size: xx-small; border: silver 2px solid; padding: 5px;'><table><tr><td style='width:85px;'>Validation</td><td>:</td><td id='message'>URL Value Returned for environment {"TELUS_SD":"https://smartdesktop-pt168.tmi.telus.com/smartdesktop/search/new_request.jsp","MSS_PRETOPOST":"https://sslqa.tmi.telus.com/partners/login.jsp","TELUS_PAC":"http://customermanagement-pt168.tmi.telus.com/PAC/","RK_PORTAL":"staging.www.koodomobile.com/en/on/prepaid/koodo/consumer/activation","SMG_SYNIVERSE":"https://mysyniverse.syniverse.com/","SMGASMS_PORTAL":"https://tv95app2.tsl.telus.com:8443/SMGASMS","TELUS_COMM_HISTORY":"https://agent-gui-it02.paas-app-east-np.tsl.telus.com/communication-history","PUBLIC_MOBILE":"stage.publicmobile.ca/en/on/portal/activation","LSR_PORTAL":"https://lsr-web-it04.paas-app-west2-np.tsl.telus.com/","HRT_ATT":"https://glastonbury-it01.tsl.telus.com/agent_token_tool-web/loadatt?AgentId=x220031","SMP":"http://wlprov-pt168.tmi.telus.com/smpweb/","MSS_APPLICATION_TELUS":"https://salesmanagement-pt168.tmi.telus.com/CustomerProfileWeb/cp/svc/agent/init.do?languange=EN&brand=1&mss_new=true","MSS_APPLICATION_KOODO":"https://salesmanagement-pt168.tmi.telus.com/CustomerProfileWeb/cp/svc/agent/init.do?languange=EN&brand=3&mss_new=true","TELUS_CODA":"https://coda-np.tsl.telus.com/portal/","TELUS_RCM":"http://resourcemanagement-pt168.tmi.telus.com/RCM","RK_PORTAL_OLD":"http://142.63.59.38:9890/"}-Calling_From-WebDriverSteps.getApplicationURL</td></tr></table></div><br/><br/>]]>
    </line>
    <line>
      <![CDATA[<div id='messageValidation' style='background-color: silver; color: black; font-size: xx-small; border: silver 2px solid; padding: 5px;'><table><tr><td style='width:85px;'>Validation</td><td>:</td><td id='message'>Browser to be utilized: CHROME</td></tr></table></div><br/><br/>]]>
    </line>
    <line>
      <![CDATA[<div id='messageValidation' style='background-color: silver; color: black; font-size: xx-small; border: silver 2px solid; padding: 5px;'><table><tr><td style='width:85px;'>Validation</td><td>:</td><td id='message'>
BROWSER will use the OPTIONS profile: P_ACCEPT_BEHAVIORS_AND_CERTIFICATES</td></tr></table></div><br/><br/>]]>
    </line>
    <line>
      <![CDATA[<div id='messageValidation' style='background-color: silver; color: black; font-size: xx-small; border: silver 2px solid; padding: 5px;'><table><tr><td style='width:85px;'>Validation</td><td>:</td><td id='message'>INFO! The Driver settings are loaded using the LATEST Strategy</td></tr></table></div><br/><br/>]]>
    </line>
    <line>
      <![CDATA[<div id='messageValidation' style='background-color: silver; color: black; font-size: xx-small; border: silver 2px solid; padding: 5px;'><table><tr><td style='width:85px;'>Validation</td><td>:</td><td id='message'>webDriver - Session ID saved to MAP</td></tr></table></div><br/><br/>]]>
    </line>
    <line>
      <![CDATA[<div id='messageValidation' style='background-color: silver; color: black; font-size: xx-small; border: silver 2px solid; padding: 5px;'><table><tr><td style='width:85px;'>Validation</td><td>:</td><td id='message'>URL opened: https://mysyniverse.syniverse.com/-Calling_From-WebDriverSteps.navigateToApplication</td></tr></table></div><br/><br/>]]>
    </line>
    <line>
      <![CDATA[<div id='messageValidation' style='background-color: silver; color: black; font-size: xx-small; border: silver 2px solid; padding: 5px;'><table><tr><td style='width:85px;'>Validation</td><td>:</td><td id='message'>Handle Certificate Error-Calling_From-BaseSteps.handleCertificateError</td></tr></table></div><br/><br/>]]>
    </line>
    <line>
      <![CDATA[<div id='messageValidation' style='background-color: silver; color: black; font-size: xx-small; border: silver 2px solid; padding: 5px;'><table><tr><td style='width:85px;'>Validation</td><td>:</td><td id='message'>Handle UnsecureConnectionError-Calling_From-BaseSteps.handleUnsecureConnectionError</td></tr></table></div><br/><br/>]]>
    </line>
    <line>
      <![CDATA[<div id='messageValidation' style='background-color: silver; color: black; font-size: xx-small; border: silver 2px solid; padding: 5px;'><table><tr><td style='width:85px;'>Validation</td><td>:</td><td id='message'>Handle InvalidCertificate Error-Calling_From-BaseSteps.handleInvalidCertificateError</td></tr></table></div><br/><br/>]]>
    </line>
    <line>
      <![CDATA[<div id='messageValidation' style='background-color: silver; color: black; font-size: xx-small; border: silver 2px solid; padding: 5px;'><table><tr><td style='width:85px;'>Validation</td><td>:</td><td id='message'>waitUntilJSReadyCustomTimeOut done-Calling_From-BaseSteps.waitUntilJSReadyCustomTimeOut</td></tr></table></div><br/><br/>]]>
    </line>
    <line>
      <![CDATA[<div id='messageValidation' style='background-color: silver; color: black; font-size: xx-small; border: silver 2px solid; padding: 5px;'><table><tr><td style='width:85px;'>Validation</td><td>:</td><td id='message'>waitUntilJQueryReady done-Calling_From-BaseSteps.waitUntilJQueryReady</td></tr></table></div><br/><br/>]]>
    </line>
    <line>
[...]
            </line>
            <line>
              <![CDATA[<div id='messageValidation' style='background-color: silver; color: black; font-size: xx-small; border: silver 2px solid; padding: 5px;'><table><tr><td style='width:85px;'>Validation</td><td>:</td><td id='message'>waitForElementToBeClickable done-Calling_From-BaseSteps.waitForElementToBeClickable</td></tr></table></div><br/><br/>]]>
            </line>
            <line>
              <![CDATA[<div id='messageValidation' style='background-color: silver; color: black; font-size: xx-small; border: silver 2px solid; padding: 5px;'><table><tr><td style='width:85px;'>Validation</td><td>:</td><td id='message'>click Done-Calling_From-BaseSteps.clickElement</td></tr></table></div><br/><br/>]]>
            </line>
            <line>
              <![CDATA[<div id='messageValidation' style='background-color: silver; color: black; font-size: xx-small; border: silver 2px solid; padding: 5px;'><table><tr><td style='width:85px;'>Validation</td><td>:</td><td id='message'>waitForElementVisibility done-Calling_From-BaseSteps.waitForElementVisibility</td></tr></table></div><br/><br/>]]>
            </line>
            <line>
              <![CDATA[<div id='messageValidation' style='background-color: #04B404; color: white; font-size: xx-small; border: silver 2px solid; padding: 5px;'><table><tr><td style='width:85px;'>Validation</td><td>:</td><td id='message'>Assertion Passed: AssertEquals  - expected [true] and actual [true]</td></tr></table></div><br/><br/>]]>
            </line>
            <line>
              <![CDATA[<div id='messageValidation' style='background-color: #04B404; color: white; font-size: xx-small; border: silver 2px solid; padding: 5px;'><table><tr><td style='width:85px;'>Validation</td><td>:</td><td id='message'></td></tr></table></div><br/><br/>]]>
            </line>
            <line>
              <![CDATA[<div id='messageValidation' style='background-color: #04B404; color: white; font-size: xx-small; border: silver 2px solid; padding: 5px;'><table><tr><td style='width:85px;'>Validation</td><td>:</td><td id='message'>.\PassedTestsScreenshots\SmokeTests_testMethod_SmokeTests_TELUSMobility_Pass_202207220343392.png</td></tr></table></div><br/><br/>]]>
            </line>
            <line>
              <![CDATA[<div id='messageValidation' style='background-color: silver; color: black; font-size: xx-small; border: silver 2px solid; padding: 5px;'><table><tr><td style='width:85px;'>Validation</td><td>:</td><td id='message'>closeTheBrowser</td></tr></table></div><br/><br/>]]>
            </line>
            <line>
              <![CDATA[<div id='messageValidation' style='background-color: silver; color: black; font-size: xx-small; border: silver 2px solid; padding: 5px;'><table><tr><td style='width:85px;'>Validation</td><td>:</td><td id='message'>WebDriver - Session ID removed from MAP-Calling_From-WebDriverSteps.removeThreatIdFromMap</td></tr></table></div><br/><br/>]]>
            </line>
            <line>
              <![CDATA[<div id='messageValidation' style='background-color: silver; color: black; font-size: xx-small; border: silver 2px solid; padding: 5px;'><table><tr><td style='width:85px;'>Validation</td><td>:</td><td id='message'>SessionId1 - openApplicationSMG_SYNIVERSE</td></tr></table></div><br/><br/>]]>
            </line>
            <line>
              <![CDATA[<div id='messageValidation' style='background-color: silver; color: black; font-size: xx-small; border: silver 2px solid; padding: 5px;'><table><tr><td style='width:85px;'>Validation</td><td>:</td><td id='message'>URL Value Returned for environment {"TELUS_SD":"https://smartdesktop-pt168.tmi.telus.com/smartdesktop/search/new_request.jsp","MSS_PRETOPOST":"https://sslqa.tmi.telus.com/partners/login.jsp","TELUS_PAC":"http://customermanagement-pt168.tmi.telus.com/PAC/","RK_PORTAL":"staging.www.koodomobile.com/en/on/prepaid/koodo/consumer/activation","SMG_SYNIVERSE":"https://mysyniverse.syniverse.com/","SMGASMS_PORTAL":"https://tv95app2.tsl.telus.com:8443/SMGASMS","TELUS_COMM_HISTORY":"https://agent-gui-it02.paas-app-east-np.tsl.telus.com/communication-history","PUBLIC_MOBILE":"stage.publicmobile.ca/en/on/portal/activation","LSR_PORTAL":"https://lsr-web-it04.paas-app-west2-np.tsl.telus.com/","HRT_ATT":"https://glastonbury-it01.tsl.telus.com/agent_token_tool-web/loadatt?AgentId=x220031","SMP":"http://wlprov-pt168.tmi.telus.com/smpweb/","MSS_APPLICATION_TELUS":"https://salesmanagement-pt168.tmi.telus.com/CustomerProfileWeb/cp/svc/agent/init.do?languange=EN&brand=1&mss_new=true","MSS_APPLICATION_KOODO":"https://salesmanagement-pt168.tmi.telus.com/CustomerProfileWeb/cp/svc/agent/init.do?languange=EN&brand=3&mss_new=true","TELUS_CODA":"https://coda-np.tsl.telus.com/portal/","TELUS_RCM":"http://resourcemanagement-pt168.tmi.telus.com/RCM","RK_PORTAL_OLD":"http://142.63.59.38:9890/"}-Calling_From-WebDriverSteps.getApplicationURL</td></tr></table></div><br/><br/>]]>
            </line>
            <line>
              <![CDATA[<div id='messageValidation' style='background-color: silver; color: black; font-size: xx-small; border: silver 2px solid; padding: 5px;'><table><tr><td style='width:85px;'>Validation</td><td>:</td><td id='message'>Browser to be utilized: CHROME</td></tr></table></div><br/><br/>]]>
            </line>
            <line>
              <![CDATA[<div id='messageValidation' style='background-color: silver; color: black; font-size: xx-small; border: silver 2px solid; padding: 5px;'><table><tr><td style='width:85px;'>Validation</td><td>:</td><td id='message'>
BROWSER will use the OPTIONS profile: P_ACCEPT_BEHAVIORS_AND_CERTIFICATES</td></tr></table></div><br/><br/>]]>
            </line>
            <line>
              <![CDATA[<div id='messageValidation' style='background-color: silver; color: black; font-size: xx-small; border: silver 2px solid; padding: 5px;'><table><tr><td style='width:85px;'>Validation</td><td>:</td><td id='message'>INFO! The Driver settings are loaded using the LATEST Strategy</td></tr></table></div><br/><br/>]]>
            </line>
            <line>
              <![CDATA[<div id='messageValidation' style='background-color: silver; color: black; font-size: xx-small; border: silver 2px solid; padding: 5px;'><table><tr><td style='width:85px;'>Validation</td><td>:</td><td id='message'>webDriver - Session ID saved to MAP</td></tr></table></div><br/><br/>]]>
            </line>
            <line>
              <![CDATA[<div id='messageValidation' style='background-color: silver; color: black; font-size: xx-small; border: silver 2px solid; padding: 5px;'><table><tr><td style='width:85px;'>Validation</td><td>:</td><td id='message'>URL opened: https://mysyniverse.syniverse.com/-Calling_From-WebDriverSteps.navigateToApplication</td></tr></table></div><br/><br/>]]>
            </line>
            <line>
              <![CDATA[<div id='messageValidation' style='background-color: silver; color: black; font-size: xx-small; border: silver 2px solid; padding: 5px;'><table><tr><td style='width:85px;'>Validation</td><td>:</td><td id='message'>Handle Certificate Error-Calling_From-BaseSteps.handleCertificateError</td></tr></table></div><br/><br/>]]>
            </line>
            <line>
              <![CDATA[<div id='messageValidation' style='background-color: silver; color: black; font-size: xx-small; border: silver 2px solid; padding: 5px;'><table><tr><td style='width:85px;'>Validation</td><td>:</td><td id='message'>Handle UnsecureConnectionError-Calling_From-BaseSteps.handleUnsecureConnectionError</td></tr></table></div><br/><br/>]]>
            </line>
            <line>
              <![CDATA[<div id='messageValidation' style='background-color: silver; color: black; font-size: xx-small; border: silver 2px solid; padding: 5px;'><table><tr><td style='width:85px;'>Validation</td><td>:</td><td id='message'>Handle InvalidCertificate Error-Calling_From-BaseSteps.handleInvalidCertificateError</td></tr></table></div><br/><br/>]]>
            </line>
            <line>
              <![CDATA[<div id='messageValidation' style='background-color: silver; color: black; font-size: xx-small; border: silver 2px solid; padding: 5px;'><table><tr><td style='width:85px;'>Validation</td><td>:</td><td id='message'>waitUntilJSReadyCustomTimeOut done-Calling_From-BaseSteps.waitUntilJSReadyCustomTimeOut</td></tr></table></div><br/><br/>]]>
            </line>
            <line>
              <![CDATA[<div id='messageValidation' style='background-color: silver; color: black; font-size: xx-small; border: silver 2px solid; padding: 5px;'><table><tr><td style='width:85px;'>Validation</td><td>:</td><td id='message'>waitUntilJQueryReady done-Calling_From-BaseSteps.waitUntilJQueryReady</td></tr></table></div><br/><br/>]]>
            </line>
            <line>
              <![CDATA[<div id='messageValidation' style='background-color: silver; color: black; font-size: xx-small; border: silver 2px solid; padding: 5px;'><table><tr><td style='width:85px;'>Validation</td><td>:</td><td id='message'>waitUntilAngularReady done-Calling_From-BaseSteps.waitUntilAngularReady</td></tr></table></div><br/><br/>]]>
            </line>
            <line>
              <![CDATA[<div id='messageValidation' style='background-color: silver; color: black; font-size: xx-small; border: silver 2px solid; padding: 5px;'><table><tr><td style='width:85px;'>Validation</td><td>:</td><td id='message'>waitUntilAngular5Ready done-Calling_From-BaseSteps.waitUntilAngular5Ready</td></tr></table></div><br/><br/>]]>
            </line>
            <line>
              <![CDATA[<div id='messageValidation' style='background-color: silver; color: black; font-size: xx-small; border: silver 2px solid; padding: 5px;'><table><tr><td style='width:85px;'>Validation</td><td>:</td><td id='message'>waitForElementToBeClickable done-Calling_From-BaseSteps.waitForElementToBeClickable</td></tr></table></div><br/><br/>]]>
            </line>
            <line>
              <![CDATA[<div id='messageValidation' style='background-color: silver; color: black; font-size: xx-small; border: silver 2px solid; padding: 5px;'><table><tr><td style='width:85px;'>Validation</td><td>:</td><td id='message'>sendKey done-Calling_From-BaseSteps.sendKey</td></tr></table></div><br/><br/>]]>
            </line>
            <line>
              <![CDATA[<div id='messageValidation' style='background-color: silver; color: black; font-size: xx-small; border: silver 2px solid; padding: 5px;'><table><tr><td style='width:85px;'>Validation</td><td>:</td><td id='message'>waitForElementToBeClickable done-Calling_From-BaseSteps.waitForElementToBeClickable</td></tr></table></div><br/><br/>]]>
            </line>
            <line>
              <![CDATA[<div id='messageValidation' style='background-color: silver; color: black; font-size: xx-small; border: silver 2px solid; padding: 5px;'><table><tr><td style='width:85px;'>Validation</td><td>:</td><td id='message'>sendKey done-Calling_From-BaseSteps.sendKey</td></tr></table></div><br/><br/>]]>
            </line>
            <line>
              <![CDATA[<div id='messageValidation' style='background-color: #04B404; color: white; font-size: xx-small; border: silver 2px solid; padding: 5px;'><table><tr><td style='width:85px;'>Validation</td><td>:</td><td id='message'>takeStepScreenShot: Login to SMG</td></tr></table></div><br/><br/>]]>
            </line>
            <line>
              <![CDATA[<div id='messageValidation' style='background-color: #04B404; color: white; font-size: xx-small; border: silver 2px solid; padding: 5px;'><table><tr><td style='width:85px;'>Validation</td><td>:</td><td id='message'>.\PassedTestsScreenshots\LoginPageSteps_singInSMG_PortalLogin_Pass_202207220343723.png</td></tr></table></div><br/><br/>]]>
            </line>
            <line>
              <![CDATA[<div id='messageValidation' style='background-color: silver; color: black; font-size: xx-small; border: silver 2px solid; padding: 5px;'><table><tr><td style='width:85px;'>Validation</td><td>:</td><td id='message'>waitForElementToBeClickable done-Calling_From-BaseSteps.waitForElementToBeClickable</td></tr></table></div><br/><br/>]]>
            </line>
            <line>
              <![CDATA[<div id='messageValidation' style='background-color: silver; color: black; font-size: xx-small; border: silver 2px solid; padding: 5px;'><table><tr><td style='width:85px;'>Validation</td><td>:</td><td id='message'>click Done-Calling_From-BaseSteps.clickElement</td></tr></table></div><br/><br/>]]>
            </line>
            <line>
              <![CDATA[<div id='messageValidation' style='background-color: silver; color: black; font-size: xx-small; border: silver 2px solid; padding: 5px;'><table><tr><td style='width:85px;'>Validation</td><td>:</td><td id='message'>STEP === Login into SMG --> with Username: x221708 and Password: UEB6elcwcmQ=</td></tr></table></div><br/><br/>]]>
            </line>
            <line>
              <![CDATA[<div id='messageValidation' style='background-color: silver; color: black; font-size: xx-small; border: silver 2px solid; padding: 5px;'><table><tr><td style='width:85px;'>Validation</td><td>:</td><td id='message'>waitUntilJSReadyCustomTimeOut done-Calling_From-BaseSteps.waitUntilJSReadyCustomTimeOut</td></tr></table></div><br/><br/>]]>
            </line>
            <line>
              <![CDATA[<div id='messageValidation' style='background-color: silver; color: black; font-size: xx-small; border: silver 2px solid; padding: 5px;'><table><tr><td style='width:85px;'>Validation</td><td>:</td><td id='message'>waitUntilJQueryReady done-Calling_From-BaseSteps.waitUntilJQueryReadyLongWait</td></tr></table></div><br/><br/>]]>
            </line>
            <line>
              <![CDATA[<div id='messageValidation' style='background-color: silver; color: black; font-size: xx-small; border: silver 2px solid; padding: 5px;'><table><tr><td style='width:85px;'>Validation</td><td>:</td><td id='message'>waitUntilAngularReadyLongWait done-Calling_From-BaseSteps.waitUntilAngularReadyLongWait</td></tr></table></div><br/><br/>]]>
            </line>
            <line>
              <![CDATA[<div id='messageValidation' style='background-color: silver; color: black; font-size: xx-small; border: silver 2px solid; padding: 5px;'><table><tr><td style='width:85px;'>Validation</td><td>:</td><td id='message'>waitUntilAngular5ReadyLongWait done-Calling_From-BaseSteps.waitUntilAngular5ReadyLongWait</td></tr></table></div><br/><br/>]]>
            </line>
            <line>
              <![CDATA[<div id='messageValidation' style='background-color: silver; color: black; font-size: xx-small; border: silver 2px solid; padding: 5px;'><table><tr><td style='width:85px;'>Validation</td><td>:</td><td id='message'>STEP ===> SMG homepage is displayed after successful login </td></tr></table></div><br/><br/>]]>
            </line>
            <line>
              <![CDATA[<div id='messageValidation' style='background-color: silver; color: black; font-size: xx-small; border: silver 2px solid; padding: 5px;'><table><tr><td style='width:85px;'>Validation</td><td>:</td><td id='message'>TestListener.onTestFailure</td></tr></table></div><br/><br/>]]>
            </line>
            <line>
              <![CDATA[<div id='messageValidation' style='background-color: #D20000; color: white; font-size: xx-small; border: silver 2px solid; padding: 5px;'><table><tr><td style='width:85px;'>Validation</td><td>:</td><td id='message'> TEST FAILED: testMethod_SmokeTests failed: org.openqa.selenium.NoSuchElementException: no such element: Unable to locate element: {"method":"xpath","selector":"//a[contains(text(), 'CWNP Test')]"}
  (Session info: chrome=103.0.5060.114)
For documentation on this error, please visit: https://selenium.dev/exceptions/#no_such_element
Build info: version: '4.1.4', revision: '535d840ee2'
System info: host: 'BA-000235932', ip: '142.168.214.138', os.name: 'Windows 10', os.arch: 'amd64', os.version: '10.0', java.version: '1.8.0_321'
Driver info: org.openqa.selenium.chrome.ChromeDriver
Command: [77d37dc90653d9873cf76a74562a4c3f, findElement {using=xpath, value=//a[contains(text(), 'CWNP Test')]}]
Capabilities {acceptInsecureCerts: true, browserName: chrome, browserVersion: 103.0.5060.114, chrome: {chromedriverVersion: 103.0.5060.134 (8ec6fce403b..., userDataDir: C:\Users\MUKESH~1.PAN\AppDa...}, goog:chromeOptions: {debuggerAddress: localhost:65148}, javascriptEnabled: true, networkConnectionEnabled: false, pageLoadStrategy: normal, platform: WINDOWS, platformName: WINDOWS, proxy: Proxy(), se:cdp: ws://localhost:65148/devtoo..., se:cdpVersion: 103.0.5060.114, setWindowRect: true, strictFileInteractability: false, timeouts: {implicit: 0, pageLoad: 300000, script: 30000}, unhandledPromptBehavior: accept, webauthn:extension:credBlob: true, webauthn:extension:largeBlob: true, webauthn:virtualAuthenticators: true}
Session ID: 77d37dc90653d9873cf76a74562a4c3f</td></tr></table></div><br/><br/>]]>
            </line>
            <line>
              <![CDATA[<div id='messageValidation' style='background-color: #D20000; color: white; font-size: xx-small; border: silver 2px solid; padding: 5px;'><table><tr><td style='width:85px;'>Validation</td><td>:</td><td id='message'>.\FailedTestsScreenshots\testMethod_SmokeTests_202207220343216.png</td></tr></table></div><br/><br/>]]>
            </line>
            <line>
              <![CDATA[<div id='messageValidation' style='background-color: #D20000; color: white; font-size: xx-small; border: silver 2px solid; padding: 5px;'><table><tr><td style='width:85px;'>Validation</td><td>:</td><td id='message'>Failed Url --> https://mysyniverse.syniverse.com/login/login.jsp?contextType=external&username=string&password=sercure_string&challenge_url=https%3A%2F%2Fmysyniverse.syniverse.com%2Flogin%2Flogin.jsp&ssoCookie=secure%3Bhttponly&request_id=-4469662760728912979&authn_try_count=1&p_error_code=OAM-5&p_error_codes_list=OAM-5&locale=en_US&resource_url=https%253A%252F%252Fmysyniverse.syniverse.com%252Fportal%252Ffaces%252Ftabnavigation</td></tr></table></div><br/><br/>]]>
            </line>
            <line>
              <![CDATA[<div id='messageValidation' style='background-color: silver; color: black; font-size: xx-small; border: silver 2px solid; padding: 5px;'><table><tr><td style='width:85px;'>Validation</td><td>:</td><td id='message'>JIRA - Skipping Jira Update as Toggle it's false</td></tr></table></div><br/><br/>]]>
            </line>
          </reporter-output>
        </test-method> <!-- testMethod_SmokeTests -->
        <test-method status="PASS" signature="afterTest()[pri:0, instance:com.telus.wnp.tests.SmokeTests@4c6e276e]" name="afterTest" is-config="true" duration-ms="654" started-at="2022-07-22T15:43:20 IST" finished-at="2022-07-22T15:43:21 IST">
          <reporter-output>
            <line>
              <![CDATA[<div id='messageValidation' style='background-color: silver; color: black; font-size: xx-small; border: silver 2px solid; padding: 5px;'><table><tr><td style='width:85px;'>Validation</td><td>:</td><td id='message'>closeTheBrowser</td></tr></table></div><br/><br/>]]>
            </line>
            <line>
              <![CDATA[<div id='messageValidation' style='background-color: silver; color: black; font-size: xx-small; border: silver 2px solid; padding: 5px;'><table><tr><td style='width:85px;'>Validation</td><td>:</td><td id='message'>WebDriver - Session ID removed from MAP-Calling_From-WebDriverSteps.removeThreatIdFromMap</td></tr></table></div><br/><br/>]]>
            </line>
          </reporter-output>
        </test-method> <!-- afterTest -->
      </class> <!-- com.telus.wnp.tests.SmokeTests -->
    </test> <!-- Default test -->
  </suite> <!-- Default suite -->
</testng-results>
